{
  "stats": {
    "suites": 26,
    "tests": 28,
    "passes": 28,
    "pending": 0,
    "failures": 0,
    "start": "2024-05-18T09:48:03.037Z",
    "end": "2024-05-18T09:48:03.106Z",
    "duration": 69,
    "testsRegistered": 28,
    "passPercent": 100,
    "pendingPercent": 0,
    "other": 0,
    "hasOther": false,
    "skipped": 0,
    "hasSkipped": false
  },
  "results": [
    {
      "uuid": "f6b52df9-0938-49ac-936c-d31f65859c9d",
      "title": "",
      "fullFile": "",
      "file": "",
      "beforeHooks": [],
      "afterHooks": [],
      "tests": [],
      "suites": [
        {
          "uuid": "d4c0280e-6720-4bb2-aa42-1775d83983ef",
          "title": "item_contoller_test",
          "fullFile": "D:\\code_2024\\sit725-MoreSecond-Project-Team-Work\\test\\item_controller.test.js",
          "file": "\\test\\item_controller.test.js",
          "beforeHooks": [],
          "afterHooks": [],
          "tests": [],
          "suites": [
            {
              "uuid": "9b15a324-5a67-427c-b9cb-9ea193bd26f0",
              "title": "postItem",
              "fullFile": "D:\\code_2024\\sit725-MoreSecond-Project-Team-Work\\test\\item_controller.test.js",
              "file": "\\test\\item_controller.test.js",
              "beforeHooks": [],
              "afterHooks": [],
              "tests": [],
              "suites": [
                {
                  "uuid": "f002a8f2-878e-4f93-a8b3-8c23dba660b3",
                  "title": "context 1",
                  "fullFile": "D:\\code_2024\\sit725-MoreSecond-Project-Team-Work\\test\\item_controller.test.js",
                  "file": "\\test\\item_controller.test.js",
                  "beforeHooks": [
                    {
                      "title": "\"before all\" hook in \"context 1\"",
                      "fullTitle": "item_contoller_test postItem context 1 \"before all\" hook in \"context 1\"",
                      "timedOut": false,
                      "duration": 1,
                      "state": null,
                      "speed": null,
                      "pass": false,
                      "fail": false,
                      "pending": false,
                      "context": null,
                      "code": "console.log(\"-----before test------\");",
                      "err": {},
                      "uuid": "da362d5d-43f4-419b-ad8f-662a4a9b782f",
                      "parentUUID": "f002a8f2-878e-4f93-a8b3-8c23dba660b3",
                      "isHook": true,
                      "skipped": false
                    },
                    {
                      "title": "\"before each\" hook in \"context 1\"",
                      "fullTitle": "item_contoller_test postItem context 1 \"before each\" hook in \"context 1\"",
                      "timedOut": false,
                      "duration": 0,
                      "state": null,
                      "speed": null,
                      "pass": false,
                      "fail": false,
                      "pending": false,
                      "context": null,
                      "code": "console.log(\"-------before each test---------\");",
                      "err": {},
                      "uuid": "547c8192-2f9f-42d8-bca3-e7b0abd6b649",
                      "parentUUID": "f002a8f2-878e-4f93-a8b3-8c23dba660b3",
                      "isHook": true,
                      "skipped": false
                    }
                  ],
                  "afterHooks": [
                    {
                      "title": "\"after all\" hook in \"context 1\"",
                      "fullTitle": "item_contoller_test postItem context 1 \"after all\" hook in \"context 1\"",
                      "timedOut": false,
                      "duration": 0,
                      "state": null,
                      "speed": null,
                      "pass": false,
                      "fail": false,
                      "pending": false,
                      "context": null,
                      "code": "console.log(\"-----after test------\");",
                      "err": {},
                      "uuid": "2935199b-ec1c-4719-afc4-455f23c9eae8",
                      "parentUUID": "f002a8f2-878e-4f93-a8b3-8c23dba660b3",
                      "isHook": true,
                      "skipped": false
                    },
                    {
                      "title": "\"after each\" hook in \"context 1\"",
                      "fullTitle": "item_contoller_test postItem context 1 \"after each\" hook in \"context 1\"",
                      "timedOut": false,
                      "duration": 0,
                      "state": null,
                      "speed": null,
                      "pass": false,
                      "fail": false,
                      "pending": false,
                      "context": null,
                      "code": "console.log(\"-------after each test---------\");",
                      "err": {},
                      "uuid": "36063ab7-fd77-4c46-b976-c8aded37685f",
                      "parentUUID": "f002a8f2-878e-4f93-a8b3-8c23dba660b3",
                      "isHook": true,
                      "skipped": false
                    }
                  ],
                  "tests": [
                    {
                      "title": "insert success",
                      "fullTitle": "item_contoller_test postItem context 1 insert success",
                      "timedOut": false,
                      "duration": 0,
                      "state": "passed",
                      "speed": "fast",
                      "pass": true,
                      "fail": false,
                      "pending": false,
                      "context": null,
                      "code": "assert.equal('','')",
                      "err": {},
                      "uuid": "2d16dcb1-f6db-4bda-9689-b89f011bb7b3",
                      "parentUUID": "f002a8f2-878e-4f93-a8b3-8c23dba660b3",
                      "isHook": false,
                      "skipped": false
                    },
                    {
                      "title": "insert null object",
                      "fullTitle": "item_contoller_test postItem context 1 insert null object",
                      "timedOut": false,
                      "duration": 0,
                      "state": "passed",
                      "speed": "fast",
                      "pass": true,
                      "fail": false,
                      "pending": false,
                      "context": null,
                      "code": "assert.equal('','')",
                      "err": {},
                      "uuid": "5e409b20-112b-46af-9f1e-827d9921fb83",
                      "parentUUID": "f002a8f2-878e-4f93-a8b3-8c23dba660b3",
                      "isHook": false,
                      "skipped": false
                    },
                    {
                      "title": "insert object lack of fields",
                      "fullTitle": "item_contoller_test postItem context 1 insert object lack of fields",
                      "timedOut": false,
                      "duration": 0,
                      "state": "passed",
                      "speed": "fast",
                      "pass": true,
                      "fail": false,
                      "pending": false,
                      "context": null,
                      "code": "assert.equal('','')",
                      "err": {},
                      "uuid": "f5796972-0286-4ed1-a6af-82062959101e",
                      "parentUUID": "f002a8f2-878e-4f93-a8b3-8c23dba660b3",
                      "isHook": false,
                      "skipped": false
                    },
                    {
                      "title": "insert objects field type invalid",
                      "fullTitle": "item_contoller_test postItem context 1 insert objects field type invalid",
                      "timedOut": false,
                      "duration": 0,
                      "state": "passed",
                      "speed": "fast",
                      "pass": true,
                      "fail": false,
                      "pending": false,
                      "context": null,
                      "code": "assert.equal('','')",
                      "err": {},
                      "uuid": "0f811ac1-4efd-4e68-8750-7176a577ed6e",
                      "parentUUID": "f002a8f2-878e-4f93-a8b3-8c23dba660b3",
                      "isHook": false,
                      "skipped": false
                    }
                  ],
                  "suites": [],
                  "passes": [
                    "2d16dcb1-f6db-4bda-9689-b89f011bb7b3",
                    "5e409b20-112b-46af-9f1e-827d9921fb83",
                    "f5796972-0286-4ed1-a6af-82062959101e",
                    "0f811ac1-4efd-4e68-8750-7176a577ed6e"
                  ],
                  "failures": [],
                  "pending": [],
                  "skipped": [],
                  "duration": 0,
                  "root": false,
                  "rootEmpty": false,
                  "_timeout": 2000
                }
              ],
              "passes": [],
              "failures": [],
              "pending": [],
              "skipped": [],
              "duration": 0,
              "root": false,
              "rootEmpty": false,
              "_timeout": 2000
            },
            {
              "uuid": "57808750-73ff-4ba8-b7e1-8dd2a62e8708",
              "title": "putItem",
              "fullFile": "D:\\code_2024\\sit725-MoreSecond-Project-Team-Work\\test\\item_controller.test.js",
              "file": "\\test\\item_controller.test.js",
              "beforeHooks": [],
              "afterHooks": [],
              "tests": [],
              "suites": [
                {
                  "uuid": "4c38ba90-83b8-49fc-9585-6dff79ecaba1",
                  "title": "context 1",
                  "fullFile": "D:\\code_2024\\sit725-MoreSecond-Project-Team-Work\\test\\item_controller.test.js",
                  "file": "\\test\\item_controller.test.js",
                  "beforeHooks": [
                    {
                      "title": "\"before all\" hook in \"context 1\"",
                      "fullTitle": "item_contoller_test putItem context 1 \"before all\" hook in \"context 1\"",
                      "timedOut": false,
                      "duration": 0,
                      "state": null,
                      "speed": null,
                      "pass": false,
                      "fail": false,
                      "pending": false,
                      "context": null,
                      "code": "console.log(\"-----before test------\");",
                      "err": {},
                      "uuid": "818e76e6-c73d-45b4-9816-a65e88fac07a",
                      "parentUUID": "4c38ba90-83b8-49fc-9585-6dff79ecaba1",
                      "isHook": true,
                      "skipped": false
                    },
                    {
                      "title": "\"before each\" hook in \"context 1\"",
                      "fullTitle": "item_contoller_test putItem context 1 \"before each\" hook in \"context 1\"",
                      "timedOut": false,
                      "duration": 0,
                      "state": null,
                      "speed": null,
                      "pass": false,
                      "fail": false,
                      "pending": false,
                      "context": null,
                      "code": "console.log(\"-------before each test---------\");",
                      "err": {},
                      "uuid": "43ec8834-87d5-4086-a64d-1e7038358ce4",
                      "parentUUID": "4c38ba90-83b8-49fc-9585-6dff79ecaba1",
                      "isHook": true,
                      "skipped": false
                    }
                  ],
                  "afterHooks": [
                    {
                      "title": "\"after all\" hook in \"context 1\"",
                      "fullTitle": "item_contoller_test putItem context 1 \"after all\" hook in \"context 1\"",
                      "timedOut": false,
                      "duration": 0,
                      "state": null,
                      "speed": null,
                      "pass": false,
                      "fail": false,
                      "pending": false,
                      "context": null,
                      "code": "console.log(\"-----after test------\");",
                      "err": {},
                      "uuid": "dbfd6707-913c-4aed-81f0-8708026ab08d",
                      "parentUUID": "4c38ba90-83b8-49fc-9585-6dff79ecaba1",
                      "isHook": true,
                      "skipped": false
                    },
                    {
                      "title": "\"after each\" hook in \"context 1\"",
                      "fullTitle": "item_contoller_test putItem context 1 \"after each\" hook in \"context 1\"",
                      "timedOut": false,
                      "duration": 0,
                      "state": null,
                      "speed": null,
                      "pass": false,
                      "fail": false,
                      "pending": false,
                      "context": null,
                      "code": "console.log(\"-------after each test---------\");",
                      "err": {},
                      "uuid": "9d28b047-f346-4570-adae-ee033abfc9ad",
                      "parentUUID": "4c38ba90-83b8-49fc-9585-6dff79ecaba1",
                      "isHook": true,
                      "skipped": false
                    }
                  ],
                  "tests": [
                    {
                      "title": "update success",
                      "fullTitle": "item_contoller_test putItem context 1 update success",
                      "timedOut": false,
                      "duration": 0,
                      "state": "passed",
                      "speed": "fast",
                      "pass": true,
                      "fail": false,
                      "pending": false,
                      "context": null,
                      "code": "assert.equal('','')",
                      "err": {},
                      "uuid": "08813d24-eb2a-4f57-89b4-73e684b2af33",
                      "parentUUID": "4c38ba90-83b8-49fc-9585-6dff79ecaba1",
                      "isHook": false,
                      "skipped": false
                    },
                    {
                      "title": "update field is null",
                      "fullTitle": "item_contoller_test putItem context 1 update field is null",
                      "timedOut": false,
                      "duration": 0,
                      "state": "passed",
                      "speed": "fast",
                      "pass": true,
                      "fail": false,
                      "pending": false,
                      "context": null,
                      "code": "assert.equal('','')",
                      "err": {},
                      "uuid": "d7a0da99-1519-4c52-a836-fa1bf07b253f",
                      "parentUUID": "4c38ba90-83b8-49fc-9585-6dff79ecaba1",
                      "isHook": false,
                      "skipped": false
                    },
                    {
                      "title": "update value over limitation",
                      "fullTitle": "item_contoller_test putItem context 1 update value over limitation",
                      "timedOut": false,
                      "duration": 0,
                      "state": "passed",
                      "speed": "fast",
                      "pass": true,
                      "fail": false,
                      "pending": false,
                      "context": null,
                      "code": "assert.equal('','')",
                      "err": {},
                      "uuid": "270e8dd4-637c-4047-a97b-a4bd72b029c6",
                      "parentUUID": "4c38ba90-83b8-49fc-9585-6dff79ecaba1",
                      "isHook": false,
                      "skipped": false
                    }
                  ],
                  "suites": [],
                  "passes": [
                    "08813d24-eb2a-4f57-89b4-73e684b2af33",
                    "d7a0da99-1519-4c52-a836-fa1bf07b253f",
                    "270e8dd4-637c-4047-a97b-a4bd72b029c6"
                  ],
                  "failures": [],
                  "pending": [],
                  "skipped": [],
                  "duration": 0,
                  "root": false,
                  "rootEmpty": false,
                  "_timeout": 2000
                }
              ],
              "passes": [],
              "failures": [],
              "pending": [],
              "skipped": [],
              "duration": 0,
              "root": false,
              "rootEmpty": false,
              "_timeout": 2000
            },
            {
              "uuid": "4f884259-b879-499f-8ba4-03a192aa212a",
              "title": "getAllItems",
              "fullFile": "D:\\code_2024\\sit725-MoreSecond-Project-Team-Work\\test\\item_controller.test.js",
              "file": "\\test\\item_controller.test.js",
              "beforeHooks": [],
              "afterHooks": [],
              "tests": [],
              "suites": [
                {
                  "uuid": "7d0afa5f-0983-41a3-b3df-498f3bb374a7",
                  "title": "context 1",
                  "fullFile": "D:\\code_2024\\sit725-MoreSecond-Project-Team-Work\\test\\item_controller.test.js",
                  "file": "\\test\\item_controller.test.js",
                  "beforeHooks": [
                    {
                      "title": "\"before all\" hook in \"context 1\"",
                      "fullTitle": "item_contoller_test getAllItems context 1 \"before all\" hook in \"context 1\"",
                      "timedOut": false,
                      "duration": 0,
                      "state": null,
                      "speed": null,
                      "pass": false,
                      "fail": false,
                      "pending": false,
                      "context": null,
                      "code": "console.log(\"-----before test------\");",
                      "err": {},
                      "uuid": "53ce1197-ec00-480a-bca7-46c46cabf137",
                      "parentUUID": "7d0afa5f-0983-41a3-b3df-498f3bb374a7",
                      "isHook": true,
                      "skipped": false
                    },
                    {
                      "title": "\"before each\" hook in \"context 1\"",
                      "fullTitle": "item_contoller_test getAllItems context 1 \"before each\" hook in \"context 1\"",
                      "timedOut": false,
                      "duration": 0,
                      "state": null,
                      "speed": null,
                      "pass": false,
                      "fail": false,
                      "pending": false,
                      "context": null,
                      "code": "console.log(\"-------before each test---------\");",
                      "err": {},
                      "uuid": "1dd6ea1c-b1d1-4165-a885-9d9dd2206064",
                      "parentUUID": "7d0afa5f-0983-41a3-b3df-498f3bb374a7",
                      "isHook": true,
                      "skipped": false
                    }
                  ],
                  "afterHooks": [
                    {
                      "title": "\"after all\" hook in \"context 1\"",
                      "fullTitle": "item_contoller_test getAllItems context 1 \"after all\" hook in \"context 1\"",
                      "timedOut": false,
                      "duration": 0,
                      "state": null,
                      "speed": null,
                      "pass": false,
                      "fail": false,
                      "pending": false,
                      "context": null,
                      "code": "console.log(\"-----after test------\");",
                      "err": {},
                      "uuid": "3ae9b3cb-3447-4360-9a44-88ee7dc759c7",
                      "parentUUID": "7d0afa5f-0983-41a3-b3df-498f3bb374a7",
                      "isHook": true,
                      "skipped": false
                    },
                    {
                      "title": "\"after each\" hook in \"context 1\"",
                      "fullTitle": "item_contoller_test getAllItems context 1 \"after each\" hook in \"context 1\"",
                      "timedOut": false,
                      "duration": 1,
                      "state": null,
                      "speed": null,
                      "pass": false,
                      "fail": false,
                      "pending": false,
                      "context": null,
                      "code": "console.log(\"-------after each test---------\");",
                      "err": {},
                      "uuid": "88d58a44-1519-4b88-aca9-5bc115ef6fdc",
                      "parentUUID": "7d0afa5f-0983-41a3-b3df-498f3bb374a7",
                      "isHook": true,
                      "skipped": false
                    }
                  ],
                  "tests": [
                    {
                      "title": "success get items",
                      "fullTitle": "item_contoller_test getAllItems context 1 success get items",
                      "timedOut": false,
                      "duration": 0,
                      "state": "passed",
                      "speed": "fast",
                      "pass": true,
                      "fail": false,
                      "pending": false,
                      "context": null,
                      "code": "assert.equal('','')",
                      "err": {},
                      "uuid": "914ebf01-663e-4a59-a03a-fcd3c32142c9",
                      "parentUUID": "7d0afa5f-0983-41a3-b3df-498f3bb374a7",
                      "isHook": false,
                      "skipped": false
                    }
                  ],
                  "suites": [],
                  "passes": [
                    "914ebf01-663e-4a59-a03a-fcd3c32142c9"
                  ],
                  "failures": [],
                  "pending": [],
                  "skipped": [],
                  "duration": 0,
                  "root": false,
                  "rootEmpty": false,
                  "_timeout": 2000
                }
              ],
              "passes": [],
              "failures": [],
              "pending": [],
              "skipped": [],
              "duration": 0,
              "root": false,
              "rootEmpty": false,
              "_timeout": 2000
            },
            {
              "uuid": "174870ff-06d4-48f1-891d-c6049f80d29c",
              "title": "getItemsByCategory",
              "fullFile": "D:\\code_2024\\sit725-MoreSecond-Project-Team-Work\\test\\item_controller.test.js",
              "file": "\\test\\item_controller.test.js",
              "beforeHooks": [],
              "afterHooks": [],
              "tests": [],
              "suites": [
                {
                  "uuid": "986a6027-ce4f-4751-bac1-0d51babe01ef",
                  "title": "context 1",
                  "fullFile": "D:\\code_2024\\sit725-MoreSecond-Project-Team-Work\\test\\item_controller.test.js",
                  "file": "\\test\\item_controller.test.js",
                  "beforeHooks": [
                    {
                      "title": "\"before all\" hook in \"context 1\"",
                      "fullTitle": "item_contoller_test getItemsByCategory context 1 \"before all\" hook in \"context 1\"",
                      "timedOut": false,
                      "duration": 1,
                      "state": null,
                      "speed": null,
                      "pass": false,
                      "fail": false,
                      "pending": false,
                      "context": null,
                      "code": "console.log(\"-----before test------\");",
                      "err": {},
                      "uuid": "cd8882a9-9c47-48aa-94a8-1e10a0788621",
                      "parentUUID": "986a6027-ce4f-4751-bac1-0d51babe01ef",
                      "isHook": true,
                      "skipped": false
                    },
                    {
                      "title": "\"before each\" hook in \"context 1\"",
                      "fullTitle": "item_contoller_test getItemsByCategory context 1 \"before each\" hook in \"context 1\"",
                      "timedOut": false,
                      "duration": 1,
                      "state": null,
                      "speed": null,
                      "pass": false,
                      "fail": false,
                      "pending": false,
                      "context": null,
                      "code": "console.log(\"-------before each test---------\");",
                      "err": {},
                      "uuid": "be59dcca-896b-41ed-b030-045baf060701",
                      "parentUUID": "986a6027-ce4f-4751-bac1-0d51babe01ef",
                      "isHook": true,
                      "skipped": false
                    }
                  ],
                  "afterHooks": [
                    {
                      "title": "\"after all\" hook in \"context 1\"",
                      "fullTitle": "item_contoller_test getItemsByCategory context 1 \"after all\" hook in \"context 1\"",
                      "timedOut": false,
                      "duration": 1,
                      "state": null,
                      "speed": null,
                      "pass": false,
                      "fail": false,
                      "pending": false,
                      "context": null,
                      "code": "console.log(\"-----after test------\");",
                      "err": {},
                      "uuid": "51a8627f-b4e3-46d4-8380-cd60d77a5fce",
                      "parentUUID": "986a6027-ce4f-4751-bac1-0d51babe01ef",
                      "isHook": true,
                      "skipped": false
                    },
                    {
                      "title": "\"after each\" hook in \"context 1\"",
                      "fullTitle": "item_contoller_test getItemsByCategory context 1 \"after each\" hook in \"context 1\"",
                      "timedOut": false,
                      "duration": 0,
                      "state": null,
                      "speed": null,
                      "pass": false,
                      "fail": false,
                      "pending": false,
                      "context": null,
                      "code": "console.log(\"-------after each test---------\");",
                      "err": {},
                      "uuid": "98607aa3-3526-4fca-8c31-b64ac0d6a3b6",
                      "parentUUID": "986a6027-ce4f-4751-bac1-0d51babe01ef",
                      "isHook": true,
                      "skipped": false
                    }
                  ],
                  "tests": [
                    {
                      "title": "get items by Category",
                      "fullTitle": "item_contoller_test getItemsByCategory context 1 get items by Category",
                      "timedOut": false,
                      "duration": 0,
                      "state": "passed",
                      "speed": "fast",
                      "pass": true,
                      "fail": false,
                      "pending": false,
                      "context": null,
                      "code": "assert.equal('','')",
                      "err": {},
                      "uuid": "7eb88d38-c085-4ccf-ac64-179e527e7991",
                      "parentUUID": "986a6027-ce4f-4751-bac1-0d51babe01ef",
                      "isHook": false,
                      "skipped": false
                    },
                    {
                      "title": "category is null, no return",
                      "fullTitle": "item_contoller_test getItemsByCategory context 1 category is null, no return",
                      "timedOut": false,
                      "duration": 0,
                      "state": "passed",
                      "speed": "fast",
                      "pass": true,
                      "fail": false,
                      "pending": false,
                      "context": null,
                      "code": "assert.equal('','')",
                      "err": {},
                      "uuid": "d8102838-22fc-46fc-92cb-ede96f79dff8",
                      "parentUUID": "986a6027-ce4f-4751-bac1-0d51babe01ef",
                      "isHook": false,
                      "skipped": false
                    }
                  ],
                  "suites": [],
                  "passes": [
                    "7eb88d38-c085-4ccf-ac64-179e527e7991",
                    "d8102838-22fc-46fc-92cb-ede96f79dff8"
                  ],
                  "failures": [],
                  "pending": [],
                  "skipped": [],
                  "duration": 0,
                  "root": false,
                  "rootEmpty": false,
                  "_timeout": 2000
                }
              ],
              "passes": [],
              "failures": [],
              "pending": [],
              "skipped": [],
              "duration": 0,
              "root": false,
              "rootEmpty": false,
              "_timeout": 2000
            },
            {
              "uuid": "bd953690-31c8-44d2-8e26-d1170ec07fc0",
              "title": "getItemsById",
              "fullFile": "D:\\code_2024\\sit725-MoreSecond-Project-Team-Work\\test\\item_controller.test.js",
              "file": "\\test\\item_controller.test.js",
              "beforeHooks": [],
              "afterHooks": [],
              "tests": [],
              "suites": [
                {
                  "uuid": "4d03fd3e-65e7-4c86-8631-9538195b55dd",
                  "title": "context 1",
                  "fullFile": "D:\\code_2024\\sit725-MoreSecond-Project-Team-Work\\test\\item_controller.test.js",
                  "file": "\\test\\item_controller.test.js",
                  "beforeHooks": [
                    {
                      "title": "\"before all\" hook in \"context 1\"",
                      "fullTitle": "item_contoller_test getItemsById context 1 \"before all\" hook in \"context 1\"",
                      "timedOut": false,
                      "duration": 0,
                      "state": null,
                      "speed": null,
                      "pass": false,
                      "fail": false,
                      "pending": false,
                      "context": null,
                      "code": "console.log(\"-----before test------\");",
                      "err": {},
                      "uuid": "68a9b7f7-cd45-40cb-8f75-1f4b3c234b4f",
                      "parentUUID": "4d03fd3e-65e7-4c86-8631-9538195b55dd",
                      "isHook": true,
                      "skipped": false
                    },
                    {
                      "title": "\"before each\" hook in \"context 1\"",
                      "fullTitle": "item_contoller_test getItemsById context 1 \"before each\" hook in \"context 1\"",
                      "timedOut": false,
                      "duration": 0,
                      "state": null,
                      "speed": null,
                      "pass": false,
                      "fail": false,
                      "pending": false,
                      "context": null,
                      "code": "console.log(\"-------before each test---------\");",
                      "err": {},
                      "uuid": "f5eaa018-3418-48ef-bd40-63cb693b9ab4",
                      "parentUUID": "4d03fd3e-65e7-4c86-8631-9538195b55dd",
                      "isHook": true,
                      "skipped": false
                    }
                  ],
                  "afterHooks": [
                    {
                      "title": "\"after all\" hook in \"context 1\"",
                      "fullTitle": "item_contoller_test getItemsById context 1 \"after all\" hook in \"context 1\"",
                      "timedOut": false,
                      "duration": 0,
                      "state": null,
                      "speed": null,
                      "pass": false,
                      "fail": false,
                      "pending": false,
                      "context": null,
                      "code": "console.log(\"-----after test------\");",
                      "err": {},
                      "uuid": "09d1d7bf-c57a-451e-8ef3-21f456343a7f",
                      "parentUUID": "4d03fd3e-65e7-4c86-8631-9538195b55dd",
                      "isHook": true,
                      "skipped": false
                    },
                    {
                      "title": "\"after each\" hook in \"context 1\"",
                      "fullTitle": "item_contoller_test getItemsById context 1 \"after each\" hook in \"context 1\"",
                      "timedOut": false,
                      "duration": 0,
                      "state": null,
                      "speed": null,
                      "pass": false,
                      "fail": false,
                      "pending": false,
                      "context": null,
                      "code": "console.log(\"-------after each test---------\");",
                      "err": {},
                      "uuid": "30a718f9-4208-4092-99fe-a388497b9528",
                      "parentUUID": "4d03fd3e-65e7-4c86-8631-9538195b55dd",
                      "isHook": true,
                      "skipped": false
                    }
                  ],
                  "tests": [
                    {
                      "title": "get item by id successfully",
                      "fullTitle": "item_contoller_test getItemsById context 1 get item by id successfully",
                      "timedOut": false,
                      "duration": 0,
                      "state": "passed",
                      "speed": "fast",
                      "pass": true,
                      "fail": false,
                      "pending": false,
                      "context": null,
                      "code": "assert.equal('','')",
                      "err": {},
                      "uuid": "d02db13d-989f-433a-97cc-5f58029ecc1e",
                      "parentUUID": "4d03fd3e-65e7-4c86-8631-9538195b55dd",
                      "isHook": false,
                      "skipped": false
                    },
                    {
                      "title": "get item by id when id is null",
                      "fullTitle": "item_contoller_test getItemsById context 1 get item by id when id is null",
                      "timedOut": false,
                      "duration": 0,
                      "state": "passed",
                      "speed": "fast",
                      "pass": true,
                      "fail": false,
                      "pending": false,
                      "context": null,
                      "code": "assert.equal('','')",
                      "err": {},
                      "uuid": "9b772ed7-3820-4f22-b462-6230eaeb7a6b",
                      "parentUUID": "4d03fd3e-65e7-4c86-8631-9538195b55dd",
                      "isHook": false,
                      "skipped": false
                    }
                  ],
                  "suites": [],
                  "passes": [
                    "d02db13d-989f-433a-97cc-5f58029ecc1e",
                    "9b772ed7-3820-4f22-b462-6230eaeb7a6b"
                  ],
                  "failures": [],
                  "pending": [],
                  "skipped": [],
                  "duration": 0,
                  "root": false,
                  "rootEmpty": false,
                  "_timeout": 2000
                }
              ],
              "passes": [],
              "failures": [],
              "pending": [],
              "skipped": [],
              "duration": 0,
              "root": false,
              "rootEmpty": false,
              "_timeout": 2000
            },
            {
              "uuid": "92f39a75-f3b2-443b-987e-8aeb26624c2a",
              "title": "deleteItem",
              "fullFile": "D:\\code_2024\\sit725-MoreSecond-Project-Team-Work\\test\\item_controller.test.js",
              "file": "\\test\\item_controller.test.js",
              "beforeHooks": [],
              "afterHooks": [],
              "tests": [],
              "suites": [
                {
                  "uuid": "e2e40884-0a5e-4dc5-bbbf-78cb27bcd73c",
                  "title": "context 1",
                  "fullFile": "D:\\code_2024\\sit725-MoreSecond-Project-Team-Work\\test\\item_controller.test.js",
                  "file": "\\test\\item_controller.test.js",
                  "beforeHooks": [
                    {
                      "title": "\"before all\" hook in \"context 1\"",
                      "fullTitle": "item_contoller_test deleteItem context 1 \"before all\" hook in \"context 1\"",
                      "timedOut": false,
                      "duration": 0,
                      "state": null,
                      "speed": null,
                      "pass": false,
                      "fail": false,
                      "pending": false,
                      "context": null,
                      "code": "console.log(\"-----before test------\");",
                      "err": {},
                      "uuid": "38227f9e-8bb8-401d-9ccf-027bf7b8b373",
                      "parentUUID": "e2e40884-0a5e-4dc5-bbbf-78cb27bcd73c",
                      "isHook": true,
                      "skipped": false
                    },
                    {
                      "title": "\"before each\" hook in \"context 1\"",
                      "fullTitle": "item_contoller_test deleteItem context 1 \"before each\" hook in \"context 1\"",
                      "timedOut": false,
                      "duration": 1,
                      "state": null,
                      "speed": null,
                      "pass": false,
                      "fail": false,
                      "pending": false,
                      "context": null,
                      "code": "console.log(\"-------before each test---------\");",
                      "err": {},
                      "uuid": "52bac4fa-8ee1-45c2-b45e-94f3f4119a9e",
                      "parentUUID": "e2e40884-0a5e-4dc5-bbbf-78cb27bcd73c",
                      "isHook": true,
                      "skipped": false
                    }
                  ],
                  "afterHooks": [
                    {
                      "title": "\"after all\" hook in \"context 1\"",
                      "fullTitle": "item_contoller_test deleteItem context 1 \"after all\" hook in \"context 1\"",
                      "timedOut": false,
                      "duration": 0,
                      "state": null,
                      "speed": null,
                      "pass": false,
                      "fail": false,
                      "pending": false,
                      "context": null,
                      "code": "console.log(\"-----after test------\");",
                      "err": {},
                      "uuid": "f737ee73-9e93-44f9-be3e-19c9fbe6fa6f",
                      "parentUUID": "e2e40884-0a5e-4dc5-bbbf-78cb27bcd73c",
                      "isHook": true,
                      "skipped": false
                    },
                    {
                      "title": "\"after each\" hook in \"context 1\"",
                      "fullTitle": "item_contoller_test deleteItem context 1 \"after each\" hook in \"context 1\"",
                      "timedOut": false,
                      "duration": 0,
                      "state": null,
                      "speed": null,
                      "pass": false,
                      "fail": false,
                      "pending": false,
                      "context": null,
                      "code": "console.log(\"-------after each test---------\");",
                      "err": {},
                      "uuid": "57cd0968-c99c-40a1-a995-1603fdc1a773",
                      "parentUUID": "e2e40884-0a5e-4dc5-bbbf-78cb27bcd73c",
                      "isHook": true,
                      "skipped": false
                    }
                  ],
                  "tests": [
                    {
                      "title": "delete item by id successfully",
                      "fullTitle": "item_contoller_test deleteItem context 1 delete item by id successfully",
                      "timedOut": false,
                      "duration": 0,
                      "state": "passed",
                      "speed": "fast",
                      "pass": true,
                      "fail": false,
                      "pending": false,
                      "context": null,
                      "code": "assert.equal('','')",
                      "err": {},
                      "uuid": "a1f6a71d-05f0-4dda-b292-b155c1048236",
                      "parentUUID": "e2e40884-0a5e-4dc5-bbbf-78cb27bcd73c",
                      "isHook": false,
                      "skipped": false
                    },
                    {
                      "title": "delete item by id when id is null",
                      "fullTitle": "item_contoller_test deleteItem context 1 delete item by id when id is null",
                      "timedOut": false,
                      "duration": 0,
                      "state": "passed",
                      "speed": "fast",
                      "pass": true,
                      "fail": false,
                      "pending": false,
                      "context": null,
                      "code": "assert.equal('','')",
                      "err": {},
                      "uuid": "b88252a1-d22a-4f7c-8dc2-69ca15f6ebfa",
                      "parentUUID": "e2e40884-0a5e-4dc5-bbbf-78cb27bcd73c",
                      "isHook": false,
                      "skipped": false
                    }
                  ],
                  "suites": [],
                  "passes": [
                    "a1f6a71d-05f0-4dda-b292-b155c1048236",
                    "b88252a1-d22a-4f7c-8dc2-69ca15f6ebfa"
                  ],
                  "failures": [],
                  "pending": [],
                  "skipped": [],
                  "duration": 0,
                  "root": false,
                  "rootEmpty": false,
                  "_timeout": 2000
                }
              ],
              "passes": [],
              "failures": [],
              "pending": [],
              "skipped": [],
              "duration": 0,
              "root": false,
              "rootEmpty": false,
              "_timeout": 2000
            }
          ],
          "passes": [],
          "failures": [],
          "pending": [],
          "skipped": [],
          "duration": 0,
          "root": false,
          "rootEmpty": false,
          "_timeout": 2000
        },
        {
          "uuid": "da244070-5fda-4bfe-b6ea-cc83a063cba4",
          "title": "user_contoller_test",
          "fullFile": "D:\\code_2024\\sit725-MoreSecond-Project-Team-Work\\test\\user_controller.test.js",
          "file": "\\test\\user_controller.test.js",
          "beforeHooks": [],
          "afterHooks": [],
          "tests": [],
          "suites": [
            {
              "uuid": "96fb34ef-4d1a-47d3-8e5c-bf1e67b9022a",
              "title": "postUser",
              "fullFile": "D:\\code_2024\\sit725-MoreSecond-Project-Team-Work\\test\\user_controller.test.js",
              "file": "\\test\\user_controller.test.js",
              "beforeHooks": [],
              "afterHooks": [],
              "tests": [],
              "suites": [
                {
                  "uuid": "73e5ba6a-d069-4174-8a33-3a2e7068fadb",
                  "title": "context 1",
                  "fullFile": "D:\\code_2024\\sit725-MoreSecond-Project-Team-Work\\test\\user_controller.test.js",
                  "file": "\\test\\user_controller.test.js",
                  "beforeHooks": [
                    {
                      "title": "\"before all\" hook in \"context 1\"",
                      "fullTitle": "user_contoller_test postUser context 1 \"before all\" hook in \"context 1\"",
                      "timedOut": false,
                      "duration": 1,
                      "state": null,
                      "speed": null,
                      "pass": false,
                      "fail": false,
                      "pending": false,
                      "context": null,
                      "code": "console.log(\"-----before test------\");",
                      "err": {},
                      "uuid": "74cb82b7-b282-45a8-bde1-855bf626ec08",
                      "parentUUID": "73e5ba6a-d069-4174-8a33-3a2e7068fadb",
                      "isHook": true,
                      "skipped": false
                    },
                    {
                      "title": "\"before each\" hook in \"context 1\"",
                      "fullTitle": "user_contoller_test postUser context 1 \"before each\" hook in \"context 1\"",
                      "timedOut": false,
                      "duration": 0,
                      "state": null,
                      "speed": null,
                      "pass": false,
                      "fail": false,
                      "pending": false,
                      "context": null,
                      "code": "console.log(\"-------before each test---------\");",
                      "err": {},
                      "uuid": "1f6bf1b8-3adc-494a-96bc-a92db8c0c2d3",
                      "parentUUID": "73e5ba6a-d069-4174-8a33-3a2e7068fadb",
                      "isHook": true,
                      "skipped": false
                    }
                  ],
                  "afterHooks": [
                    {
                      "title": "\"after all\" hook in \"context 1\"",
                      "fullTitle": "user_contoller_test postUser context 1 \"after all\" hook in \"context 1\"",
                      "timedOut": false,
                      "duration": 0,
                      "state": null,
                      "speed": null,
                      "pass": false,
                      "fail": false,
                      "pending": false,
                      "context": null,
                      "code": "console.log(\"-----after test------\");",
                      "err": {},
                      "uuid": "a93256a7-7217-4dc4-b98b-af072f33e3a8",
                      "parentUUID": "73e5ba6a-d069-4174-8a33-3a2e7068fadb",
                      "isHook": true,
                      "skipped": false
                    },
                    {
                      "title": "\"after each\" hook in \"context 1\"",
                      "fullTitle": "user_contoller_test postUser context 1 \"after each\" hook in \"context 1\"",
                      "timedOut": false,
                      "duration": 0,
                      "state": null,
                      "speed": null,
                      "pass": false,
                      "fail": false,
                      "pending": false,
                      "context": null,
                      "code": "console.log(\"-------after each test---------\");",
                      "err": {},
                      "uuid": "d0b5ce75-2624-4b14-af7a-89fdfc64ce52",
                      "parentUUID": "73e5ba6a-d069-4174-8a33-3a2e7068fadb",
                      "isHook": true,
                      "skipped": false
                    }
                  ],
                  "tests": [
                    {
                      "title": "insert success",
                      "fullTitle": "user_contoller_test postUser context 1 insert success",
                      "timedOut": false,
                      "duration": 0,
                      "state": "passed",
                      "speed": "fast",
                      "pass": true,
                      "fail": false,
                      "pending": false,
                      "context": null,
                      "code": "assert.equal('','')",
                      "err": {},
                      "uuid": "6f32388c-7846-4699-b445-928121133380",
                      "parentUUID": "73e5ba6a-d069-4174-8a33-3a2e7068fadb",
                      "isHook": false,
                      "skipped": false
                    },
                    {
                      "title": "insert null object",
                      "fullTitle": "user_contoller_test postUser context 1 insert null object",
                      "timedOut": false,
                      "duration": 0,
                      "state": "passed",
                      "speed": "fast",
                      "pass": true,
                      "fail": false,
                      "pending": false,
                      "context": null,
                      "code": "assert.equal('','')",
                      "err": {},
                      "uuid": "dc51a745-731f-47be-8d56-e035102bb3e3",
                      "parentUUID": "73e5ba6a-d069-4174-8a33-3a2e7068fadb",
                      "isHook": false,
                      "skipped": false
                    },
                    {
                      "title": "insert object lack of fields",
                      "fullTitle": "user_contoller_test postUser context 1 insert object lack of fields",
                      "timedOut": false,
                      "duration": 0,
                      "state": "passed",
                      "speed": "fast",
                      "pass": true,
                      "fail": false,
                      "pending": false,
                      "context": null,
                      "code": "assert.equal('','')",
                      "err": {},
                      "uuid": "435edfd7-2fe4-4321-94e8-fa7b73e88335",
                      "parentUUID": "73e5ba6a-d069-4174-8a33-3a2e7068fadb",
                      "isHook": false,
                      "skipped": false
                    },
                    {
                      "title": "insert objects field type invalid",
                      "fullTitle": "user_contoller_test postUser context 1 insert objects field type invalid",
                      "timedOut": false,
                      "duration": 0,
                      "state": "passed",
                      "speed": "fast",
                      "pass": true,
                      "fail": false,
                      "pending": false,
                      "context": null,
                      "code": "assert.equal('','')",
                      "err": {},
                      "uuid": "8b7b4c18-1ce5-4708-a602-30275f500086",
                      "parentUUID": "73e5ba6a-d069-4174-8a33-3a2e7068fadb",
                      "isHook": false,
                      "skipped": false
                    }
                  ],
                  "suites": [],
                  "passes": [
                    "6f32388c-7846-4699-b445-928121133380",
                    "dc51a745-731f-47be-8d56-e035102bb3e3",
                    "435edfd7-2fe4-4321-94e8-fa7b73e88335",
                    "8b7b4c18-1ce5-4708-a602-30275f500086"
                  ],
                  "failures": [],
                  "pending": [],
                  "skipped": [],
                  "duration": 0,
                  "root": false,
                  "rootEmpty": false,
                  "_timeout": 2000
                }
              ],
              "passes": [],
              "failures": [],
              "pending": [],
              "skipped": [],
              "duration": 0,
              "root": false,
              "rootEmpty": false,
              "_timeout": 2000
            },
            {
              "uuid": "dab8bff4-e89f-4a4c-93b8-cf856131e1de",
              "title": "putUser",
              "fullFile": "D:\\code_2024\\sit725-MoreSecond-Project-Team-Work\\test\\user_controller.test.js",
              "file": "\\test\\user_controller.test.js",
              "beforeHooks": [],
              "afterHooks": [],
              "tests": [],
              "suites": [
                {
                  "uuid": "b298e8c8-4ea5-4070-bb49-38b2978258fa",
                  "title": "context 1",
                  "fullFile": "D:\\code_2024\\sit725-MoreSecond-Project-Team-Work\\test\\user_controller.test.js",
                  "file": "\\test\\user_controller.test.js",
                  "beforeHooks": [
                    {
                      "title": "\"before all\" hook in \"context 1\"",
                      "fullTitle": "user_contoller_test putUser context 1 \"before all\" hook in \"context 1\"",
                      "timedOut": false,
                      "duration": 0,
                      "state": null,
                      "speed": null,
                      "pass": false,
                      "fail": false,
                      "pending": false,
                      "context": null,
                      "code": "console.log(\"-----before test------\");",
                      "err": {},
                      "uuid": "d0536acf-2d8f-443b-a74b-29a35fa74a63",
                      "parentUUID": "b298e8c8-4ea5-4070-bb49-38b2978258fa",
                      "isHook": true,
                      "skipped": false
                    },
                    {
                      "title": "\"before each\" hook in \"context 1\"",
                      "fullTitle": "user_contoller_test putUser context 1 \"before each\" hook in \"context 1\"",
                      "timedOut": false,
                      "duration": 0,
                      "state": null,
                      "speed": null,
                      "pass": false,
                      "fail": false,
                      "pending": false,
                      "context": null,
                      "code": "console.log(\"-------before each test---------\");",
                      "err": {},
                      "uuid": "51385de3-c711-46f0-885e-79b070a8bf7f",
                      "parentUUID": "b298e8c8-4ea5-4070-bb49-38b2978258fa",
                      "isHook": true,
                      "skipped": false
                    }
                  ],
                  "afterHooks": [
                    {
                      "title": "\"after all\" hook in \"context 1\"",
                      "fullTitle": "user_contoller_test putUser context 1 \"after all\" hook in \"context 1\"",
                      "timedOut": false,
                      "duration": 0,
                      "state": null,
                      "speed": null,
                      "pass": false,
                      "fail": false,
                      "pending": false,
                      "context": null,
                      "code": "console.log(\"-----after test------\");",
                      "err": {},
                      "uuid": "7899d948-5bb5-44ef-a40a-935eacbd6229",
                      "parentUUID": "b298e8c8-4ea5-4070-bb49-38b2978258fa",
                      "isHook": true,
                      "skipped": false
                    },
                    {
                      "title": "\"after each\" hook in \"context 1\"",
                      "fullTitle": "user_contoller_test putUser context 1 \"after each\" hook in \"context 1\"",
                      "timedOut": false,
                      "duration": 0,
                      "state": null,
                      "speed": null,
                      "pass": false,
                      "fail": false,
                      "pending": false,
                      "context": null,
                      "code": "console.log(\"-------after each test---------\");",
                      "err": {},
                      "uuid": "7a33273b-9f8a-43ed-857d-70e25fae61b6",
                      "parentUUID": "b298e8c8-4ea5-4070-bb49-38b2978258fa",
                      "isHook": true,
                      "skipped": false
                    }
                  ],
                  "tests": [
                    {
                      "title": "update success",
                      "fullTitle": "user_contoller_test putUser context 1 update success",
                      "timedOut": false,
                      "duration": 0,
                      "state": "passed",
                      "speed": "fast",
                      "pass": true,
                      "fail": false,
                      "pending": false,
                      "context": null,
                      "code": "assert.equal('','')",
                      "err": {},
                      "uuid": "1e864f6a-11ed-42f0-8ce5-de5985419f61",
                      "parentUUID": "b298e8c8-4ea5-4070-bb49-38b2978258fa",
                      "isHook": false,
                      "skipped": false
                    },
                    {
                      "title": "update field is null",
                      "fullTitle": "user_contoller_test putUser context 1 update field is null",
                      "timedOut": false,
                      "duration": 1,
                      "state": "passed",
                      "speed": "fast",
                      "pass": true,
                      "fail": false,
                      "pending": false,
                      "context": null,
                      "code": "assert.equal('','')",
                      "err": {},
                      "uuid": "99fb96fd-c72a-47b8-b9db-bfc52cf6afb9",
                      "parentUUID": "b298e8c8-4ea5-4070-bb49-38b2978258fa",
                      "isHook": false,
                      "skipped": false
                    },
                    {
                      "title": "update value over limitation",
                      "fullTitle": "user_contoller_test putUser context 1 update value over limitation",
                      "timedOut": false,
                      "duration": 0,
                      "state": "passed",
                      "speed": "fast",
                      "pass": true,
                      "fail": false,
                      "pending": false,
                      "context": null,
                      "code": "assert.equal('','')",
                      "err": {},
                      "uuid": "5e4e42ec-1cb2-4e1a-b107-88889a734d8b",
                      "parentUUID": "b298e8c8-4ea5-4070-bb49-38b2978258fa",
                      "isHook": false,
                      "skipped": false
                    }
                  ],
                  "suites": [],
                  "passes": [
                    "1e864f6a-11ed-42f0-8ce5-de5985419f61",
                    "99fb96fd-c72a-47b8-b9db-bfc52cf6afb9",
                    "5e4e42ec-1cb2-4e1a-b107-88889a734d8b"
                  ],
                  "failures": [],
                  "pending": [],
                  "skipped": [],
                  "duration": 1,
                  "root": false,
                  "rootEmpty": false,
                  "_timeout": 2000
                }
              ],
              "passes": [],
              "failures": [],
              "pending": [],
              "skipped": [],
              "duration": 0,
              "root": false,
              "rootEmpty": false,
              "_timeout": 2000
            },
            {
              "uuid": "0832d85c-ae82-4f91-8b72-0c49c6064603",
              "title": "getAllUsers",
              "fullFile": "D:\\code_2024\\sit725-MoreSecond-Project-Team-Work\\test\\user_controller.test.js",
              "file": "\\test\\user_controller.test.js",
              "beforeHooks": [],
              "afterHooks": [],
              "tests": [],
              "suites": [
                {
                  "uuid": "e11b944a-c5d1-4725-9ac7-1ca14b1a1bc3",
                  "title": "context 1",
                  "fullFile": "D:\\code_2024\\sit725-MoreSecond-Project-Team-Work\\test\\user_controller.test.js",
                  "file": "\\test\\user_controller.test.js",
                  "beforeHooks": [
                    {
                      "title": "\"before all\" hook in \"context 1\"",
                      "fullTitle": "user_contoller_test getAllUsers context 1 \"before all\" hook in \"context 1\"",
                      "timedOut": false,
                      "duration": 0,
                      "state": null,
                      "speed": null,
                      "pass": false,
                      "fail": false,
                      "pending": false,
                      "context": null,
                      "code": "console.log(\"-----before test------\");",
                      "err": {},
                      "uuid": "a442c826-ce60-4544-895c-5d5a98361e99",
                      "parentUUID": "e11b944a-c5d1-4725-9ac7-1ca14b1a1bc3",
                      "isHook": true,
                      "skipped": false
                    },
                    {
                      "title": "\"before each\" hook in \"context 1\"",
                      "fullTitle": "user_contoller_test getAllUsers context 1 \"before each\" hook in \"context 1\"",
                      "timedOut": false,
                      "duration": 0,
                      "state": null,
                      "speed": null,
                      "pass": false,
                      "fail": false,
                      "pending": false,
                      "context": null,
                      "code": "console.log(\"-------before each test---------\");",
                      "err": {},
                      "uuid": "345c1d71-e371-4ab7-a01f-73501fb9af66",
                      "parentUUID": "e11b944a-c5d1-4725-9ac7-1ca14b1a1bc3",
                      "isHook": true,
                      "skipped": false
                    }
                  ],
                  "afterHooks": [
                    {
                      "title": "\"after all\" hook in \"context 1\"",
                      "fullTitle": "user_contoller_test getAllUsers context 1 \"after all\" hook in \"context 1\"",
                      "timedOut": false,
                      "duration": 0,
                      "state": null,
                      "speed": null,
                      "pass": false,
                      "fail": false,
                      "pending": false,
                      "context": null,
                      "code": "console.log(\"-----after test------\");",
                      "err": {},
                      "uuid": "783cc3ae-c133-4941-ae9d-9be5a6c59809",
                      "parentUUID": "e11b944a-c5d1-4725-9ac7-1ca14b1a1bc3",
                      "isHook": true,
                      "skipped": false
                    },
                    {
                      "title": "\"after each\" hook in \"context 1\"",
                      "fullTitle": "user_contoller_test getAllUsers context 1 \"after each\" hook in \"context 1\"",
                      "timedOut": false,
                      "duration": 1,
                      "state": null,
                      "speed": null,
                      "pass": false,
                      "fail": false,
                      "pending": false,
                      "context": null,
                      "code": "console.log(\"-------after each test---------\");",
                      "err": {},
                      "uuid": "47acace1-190b-4789-8d93-85e7c9829ea3",
                      "parentUUID": "e11b944a-c5d1-4725-9ac7-1ca14b1a1bc3",
                      "isHook": true,
                      "skipped": false
                    }
                  ],
                  "tests": [
                    {
                      "title": "success get users",
                      "fullTitle": "user_contoller_test getAllUsers context 1 success get users",
                      "timedOut": false,
                      "duration": 0,
                      "state": "passed",
                      "speed": "fast",
                      "pass": true,
                      "fail": false,
                      "pending": false,
                      "context": null,
                      "code": "assert.equal('','')",
                      "err": {},
                      "uuid": "e25006be-3c1c-4720-9ca2-e90aa350c605",
                      "parentUUID": "e11b944a-c5d1-4725-9ac7-1ca14b1a1bc3",
                      "isHook": false,
                      "skipped": false
                    }
                  ],
                  "suites": [],
                  "passes": [
                    "e25006be-3c1c-4720-9ca2-e90aa350c605"
                  ],
                  "failures": [],
                  "pending": [],
                  "skipped": [],
                  "duration": 0,
                  "root": false,
                  "rootEmpty": false,
                  "_timeout": 2000
                }
              ],
              "passes": [],
              "failures": [],
              "pending": [],
              "skipped": [],
              "duration": 0,
              "root": false,
              "rootEmpty": false,
              "_timeout": 2000
            },
            {
              "uuid": "0aebf24f-67e6-4d84-86eb-802c47d46718",
              "title": "getUsersByCategory",
              "fullFile": "D:\\code_2024\\sit725-MoreSecond-Project-Team-Work\\test\\user_controller.test.js",
              "file": "\\test\\user_controller.test.js",
              "beforeHooks": [],
              "afterHooks": [],
              "tests": [],
              "suites": [
                {
                  "uuid": "8b49f016-8310-4a85-a091-0e175da7ed68",
                  "title": "context 1",
                  "fullFile": "D:\\code_2024\\sit725-MoreSecond-Project-Team-Work\\test\\user_controller.test.js",
                  "file": "\\test\\user_controller.test.js",
                  "beforeHooks": [
                    {
                      "title": "\"before all\" hook in \"context 1\"",
                      "fullTitle": "user_contoller_test getUsersByCategory context 1 \"before all\" hook in \"context 1\"",
                      "timedOut": false,
                      "duration": 0,
                      "state": null,
                      "speed": null,
                      "pass": false,
                      "fail": false,
                      "pending": false,
                      "context": null,
                      "code": "console.log(\"-----before test------\");",
                      "err": {},
                      "uuid": "9bf51381-07c9-4a0b-aba1-985f780d3e2f",
                      "parentUUID": "8b49f016-8310-4a85-a091-0e175da7ed68",
                      "isHook": true,
                      "skipped": false
                    },
                    {
                      "title": "\"before each\" hook in \"context 1\"",
                      "fullTitle": "user_contoller_test getUsersByCategory context 1 \"before each\" hook in \"context 1\"",
                      "timedOut": false,
                      "duration": 0,
                      "state": null,
                      "speed": null,
                      "pass": false,
                      "fail": false,
                      "pending": false,
                      "context": null,
                      "code": "console.log(\"-------before each test---------\");",
                      "err": {},
                      "uuid": "5270923d-8303-483f-8bae-7c2750078353",
                      "parentUUID": "8b49f016-8310-4a85-a091-0e175da7ed68",
                      "isHook": true,
                      "skipped": false
                    }
                  ],
                  "afterHooks": [
                    {
                      "title": "\"after all\" hook in \"context 1\"",
                      "fullTitle": "user_contoller_test getUsersByCategory context 1 \"after all\" hook in \"context 1\"",
                      "timedOut": false,
                      "duration": 0,
                      "state": null,
                      "speed": null,
                      "pass": false,
                      "fail": false,
                      "pending": false,
                      "context": null,
                      "code": "console.log(\"-----after test------\");",
                      "err": {},
                      "uuid": "7d0171f7-2c7f-40e8-ac78-40ad4b6cb203",
                      "parentUUID": "8b49f016-8310-4a85-a091-0e175da7ed68",
                      "isHook": true,
                      "skipped": false
                    },
                    {
                      "title": "\"after each\" hook in \"context 1\"",
                      "fullTitle": "user_contoller_test getUsersByCategory context 1 \"after each\" hook in \"context 1\"",
                      "timedOut": false,
                      "duration": 0,
                      "state": null,
                      "speed": null,
                      "pass": false,
                      "fail": false,
                      "pending": false,
                      "context": null,
                      "code": "console.log(\"-------after each test---------\");",
                      "err": {},
                      "uuid": "0bd170ae-40e7-47eb-b9ec-c61f8e3917d5",
                      "parentUUID": "8b49f016-8310-4a85-a091-0e175da7ed68",
                      "isHook": true,
                      "skipped": false
                    }
                  ],
                  "tests": [
                    {
                      "title": "get users by Category",
                      "fullTitle": "user_contoller_test getUsersByCategory context 1 get users by Category",
                      "timedOut": false,
                      "duration": 0,
                      "state": "passed",
                      "speed": "fast",
                      "pass": true,
                      "fail": false,
                      "pending": false,
                      "context": null,
                      "code": "assert.equal('','')",
                      "err": {},
                      "uuid": "545917c1-01c1-4982-ad6c-c7062e001573",
                      "parentUUID": "8b49f016-8310-4a85-a091-0e175da7ed68",
                      "isHook": false,
                      "skipped": false
                    },
                    {
                      "title": "category is null, no return",
                      "fullTitle": "user_contoller_test getUsersByCategory context 1 category is null, no return",
                      "timedOut": false,
                      "duration": 0,
                      "state": "passed",
                      "speed": "fast",
                      "pass": true,
                      "fail": false,
                      "pending": false,
                      "context": null,
                      "code": "assert.equal('','')",
                      "err": {},
                      "uuid": "ac17e816-ae4d-4bee-9a6a-7c5d6d43c39b",
                      "parentUUID": "8b49f016-8310-4a85-a091-0e175da7ed68",
                      "isHook": false,
                      "skipped": false
                    }
                  ],
                  "suites": [],
                  "passes": [
                    "545917c1-01c1-4982-ad6c-c7062e001573",
                    "ac17e816-ae4d-4bee-9a6a-7c5d6d43c39b"
                  ],
                  "failures": [],
                  "pending": [],
                  "skipped": [],
                  "duration": 0,
                  "root": false,
                  "rootEmpty": false,
                  "_timeout": 2000
                }
              ],
              "passes": [],
              "failures": [],
              "pending": [],
              "skipped": [],
              "duration": 0,
              "root": false,
              "rootEmpty": false,
              "_timeout": 2000
            },
            {
              "uuid": "2e1bdcc1-8b57-4069-9a8e-2248c571fe69",
              "title": "getUsersById",
              "fullFile": "D:\\code_2024\\sit725-MoreSecond-Project-Team-Work\\test\\user_controller.test.js",
              "file": "\\test\\user_controller.test.js",
              "beforeHooks": [],
              "afterHooks": [],
              "tests": [],
              "suites": [
                {
                  "uuid": "dd412fd5-8814-4620-a3f2-f161c58dff30",
                  "title": "context 1",
                  "fullFile": "D:\\code_2024\\sit725-MoreSecond-Project-Team-Work\\test\\user_controller.test.js",
                  "file": "\\test\\user_controller.test.js",
                  "beforeHooks": [
                    {
                      "title": "\"before all\" hook in \"context 1\"",
                      "fullTitle": "user_contoller_test getUsersById context 1 \"before all\" hook in \"context 1\"",
                      "timedOut": false,
                      "duration": 1,
                      "state": null,
                      "speed": null,
                      "pass": false,
                      "fail": false,
                      "pending": false,
                      "context": null,
                      "code": "console.log(\"-----before test------\");",
                      "err": {},
                      "uuid": "a5421e5b-84fc-4fbe-a827-de36577f4c2e",
                      "parentUUID": "dd412fd5-8814-4620-a3f2-f161c58dff30",
                      "isHook": true,
                      "skipped": false
                    },
                    {
                      "title": "\"before each\" hook in \"context 1\"",
                      "fullTitle": "user_contoller_test getUsersById context 1 \"before each\" hook in \"context 1\"",
                      "timedOut": false,
                      "duration": 0,
                      "state": null,
                      "speed": null,
                      "pass": false,
                      "fail": false,
                      "pending": false,
                      "context": null,
                      "code": "console.log(\"-------before each test---------\");",
                      "err": {},
                      "uuid": "069b020b-33d1-4e15-bf65-0f332802f3df",
                      "parentUUID": "dd412fd5-8814-4620-a3f2-f161c58dff30",
                      "isHook": true,
                      "skipped": false
                    }
                  ],
                  "afterHooks": [
                    {
                      "title": "\"after all\" hook in \"context 1\"",
                      "fullTitle": "user_contoller_test getUsersById context 1 \"after all\" hook in \"context 1\"",
                      "timedOut": false,
                      "duration": 0,
                      "state": null,
                      "speed": null,
                      "pass": false,
                      "fail": false,
                      "pending": false,
                      "context": null,
                      "code": "console.log(\"-----after test------\");",
                      "err": {},
                      "uuid": "d8b003e8-3e8f-4d2b-835f-7108f3eea24f",
                      "parentUUID": "dd412fd5-8814-4620-a3f2-f161c58dff30",
                      "isHook": true,
                      "skipped": false
                    },
                    {
                      "title": "\"after each\" hook in \"context 1\"",
                      "fullTitle": "user_contoller_test getUsersById context 1 \"after each\" hook in \"context 1\"",
                      "timedOut": false,
                      "duration": 0,
                      "state": null,
                      "speed": null,
                      "pass": false,
                      "fail": false,
                      "pending": false,
                      "context": null,
                      "code": "console.log(\"-------after each test---------\");",
                      "err": {},
                      "uuid": "126b290f-551c-41bc-a067-44dd32df9f84",
                      "parentUUID": "dd412fd5-8814-4620-a3f2-f161c58dff30",
                      "isHook": true,
                      "skipped": false
                    }
                  ],
                  "tests": [
                    {
                      "title": "get user by id successfully",
                      "fullTitle": "user_contoller_test getUsersById context 1 get user by id successfully",
                      "timedOut": false,
                      "duration": 0,
                      "state": "passed",
                      "speed": "fast",
                      "pass": true,
                      "fail": false,
                      "pending": false,
                      "context": null,
                      "code": "assert.equal('','')",
                      "err": {},
                      "uuid": "21d8eb05-dd50-48f5-a6f5-07058b735fe7",
                      "parentUUID": "dd412fd5-8814-4620-a3f2-f161c58dff30",
                      "isHook": false,
                      "skipped": false
                    },
                    {
                      "title": "get user by id when id is null",
                      "fullTitle": "user_contoller_test getUsersById context 1 get user by id when id is null",
                      "timedOut": false,
                      "duration": 0,
                      "state": "passed",
                      "speed": "fast",
                      "pass": true,
                      "fail": false,
                      "pending": false,
                      "context": null,
                      "code": "assert.equal('','')",
                      "err": {},
                      "uuid": "8bafbad9-886f-43a9-bfdf-878d838d9199",
                      "parentUUID": "dd412fd5-8814-4620-a3f2-f161c58dff30",
                      "isHook": false,
                      "skipped": false
                    }
                  ],
                  "suites": [],
                  "passes": [
                    "21d8eb05-dd50-48f5-a6f5-07058b735fe7",
                    "8bafbad9-886f-43a9-bfdf-878d838d9199"
                  ],
                  "failures": [],
                  "pending": [],
                  "skipped": [],
                  "duration": 0,
                  "root": false,
                  "rootEmpty": false,
                  "_timeout": 2000
                }
              ],
              "passes": [],
              "failures": [],
              "pending": [],
              "skipped": [],
              "duration": 0,
              "root": false,
              "rootEmpty": false,
              "_timeout": 2000
            },
            {
              "uuid": "8d2f78a2-969b-4ac0-9d30-c62f3024d334",
              "title": "deleteUser",
              "fullFile": "D:\\code_2024\\sit725-MoreSecond-Project-Team-Work\\test\\user_controller.test.js",
              "file": "\\test\\user_controller.test.js",
              "beforeHooks": [],
              "afterHooks": [],
              "tests": [],
              "suites": [
                {
                  "uuid": "7b3e3291-8773-4c62-ad69-43bb9c52c303",
                  "title": "context 1",
                  "fullFile": "D:\\code_2024\\sit725-MoreSecond-Project-Team-Work\\test\\user_controller.test.js",
                  "file": "\\test\\user_controller.test.js",
                  "beforeHooks": [
                    {
                      "title": "\"before all\" hook in \"context 1\"",
                      "fullTitle": "user_contoller_test deleteUser context 1 \"before all\" hook in \"context 1\"",
                      "timedOut": false,
                      "duration": 1,
                      "state": null,
                      "speed": null,
                      "pass": false,
                      "fail": false,
                      "pending": false,
                      "context": null,
                      "code": "console.log(\"-----before test------\");",
                      "err": {},
                      "uuid": "98f852bd-53b6-43eb-8ffe-43f393b70892",
                      "parentUUID": "7b3e3291-8773-4c62-ad69-43bb9c52c303",
                      "isHook": true,
                      "skipped": false
                    },
                    {
                      "title": "\"before each\" hook in \"context 1\"",
                      "fullTitle": "user_contoller_test deleteUser context 1 \"before each\" hook in \"context 1\"",
                      "timedOut": false,
                      "duration": 1,
                      "state": null,
                      "speed": null,
                      "pass": false,
                      "fail": false,
                      "pending": false,
                      "context": null,
                      "code": "console.log(\"-------before each test---------\");",
                      "err": {},
                      "uuid": "ab303450-fa37-47e4-9893-e00e42d1f02a",
                      "parentUUID": "7b3e3291-8773-4c62-ad69-43bb9c52c303",
                      "isHook": true,
                      "skipped": false
                    }
                  ],
                  "afterHooks": [
                    {
                      "title": "\"after all\" hook in \"context 1\"",
                      "fullTitle": "user_contoller_test deleteUser context 1 \"after all\" hook in \"context 1\"",
                      "timedOut": false,
                      "duration": 0,
                      "state": null,
                      "speed": null,
                      "pass": false,
                      "fail": false,
                      "pending": false,
                      "context": null,
                      "code": "console.log(\"-----after test------\");",
                      "err": {},
                      "uuid": "4d9154ce-c410-4e0f-bdd8-7160f76b00b3",
                      "parentUUID": "7b3e3291-8773-4c62-ad69-43bb9c52c303",
                      "isHook": true,
                      "skipped": false
                    },
                    {
                      "title": "\"after each\" hook in \"context 1\"",
                      "fullTitle": "user_contoller_test deleteUser context 1 \"after each\" hook in \"context 1\"",
                      "timedOut": false,
                      "duration": 0,
                      "state": null,
                      "speed": null,
                      "pass": false,
                      "fail": false,
                      "pending": false,
                      "context": null,
                      "code": "console.log(\"-------after each test---------\");",
                      "err": {},
                      "uuid": "72c2be48-d1fa-4328-bf19-cf147e679dc4",
                      "parentUUID": "7b3e3291-8773-4c62-ad69-43bb9c52c303",
                      "isHook": true,
                      "skipped": false
                    }
                  ],
                  "tests": [
                    {
                      "title": "delete user by id successfully",
                      "fullTitle": "user_contoller_test deleteUser context 1 delete user by id successfully",
                      "timedOut": false,
                      "duration": 0,
                      "state": "passed",
                      "speed": "fast",
                      "pass": true,
                      "fail": false,
                      "pending": false,
                      "context": null,
                      "code": "assert.equal('','')",
                      "err": {},
                      "uuid": "1131ce13-667a-4b5d-8822-e4f69285029f",
                      "parentUUID": "7b3e3291-8773-4c62-ad69-43bb9c52c303",
                      "isHook": false,
                      "skipped": false
                    },
                    {
                      "title": "delete user by id when id is null",
                      "fullTitle": "user_contoller_test deleteUser context 1 delete user by id when id is null",
                      "timedOut": false,
                      "duration": 0,
                      "state": "passed",
                      "speed": "fast",
                      "pass": true,
                      "fail": false,
                      "pending": false,
                      "context": null,
                      "code": "assert.equal('','')",
                      "err": {},
                      "uuid": "b1feef2c-6b98-4ecf-a121-087886a346ea",
                      "parentUUID": "7b3e3291-8773-4c62-ad69-43bb9c52c303",
                      "isHook": false,
                      "skipped": false
                    }
                  ],
                  "suites": [],
                  "passes": [
                    "1131ce13-667a-4b5d-8822-e4f69285029f",
                    "b1feef2c-6b98-4ecf-a121-087886a346ea"
                  ],
                  "failures": [],
                  "pending": [],
                  "skipped": [],
                  "duration": 0,
                  "root": false,
                  "rootEmpty": false,
                  "_timeout": 2000
                }
              ],
              "passes": [],
              "failures": [],
              "pending": [],
              "skipped": [],
              "duration": 0,
              "root": false,
              "rootEmpty": false,
              "_timeout": 2000
            }
          ],
          "passes": [],
          "failures": [],
          "pending": [],
          "skipped": [],
          "duration": 0,
          "root": false,
          "rootEmpty": false,
          "_timeout": 2000
        }
      ],
      "passes": [],
      "failures": [],
      "pending": [],
      "skipped": [],
      "duration": 0,
      "root": true,
      "rootEmpty": true,
      "_timeout": 2000
    }
  ],
  "meta": {
    "mocha": {
      "version": "10.4.0"
    },
    "mochawesome": {
      "options": {
        "quiet": false,
        "reportFilename": "mochawesome",
        "saveHtml": true,
        "saveJson": true,
        "consoleReporter": "spec",
        "useInlineDiffs": false,
        "code": true
      },
      "version": "7.1.3"
    },
    "marge": {
      "options": null,
      "version": "6.2.0"
    }
  }
}