{
  "stats": {
    "suites": 32,
    "tests": 27,
    "passes": 27,
    "pending": 0,
    "failures": 0,
    "start": "2024-05-26T12:33:14.393Z",
    "end": "2024-05-26T12:33:14.498Z",
    "duration": 105,
    "testsRegistered": 27,
    "passPercent": 100,
    "pendingPercent": 0,
    "other": 0,
    "hasOther": false,
    "skipped": 0,
    "hasSkipped": false
  },
  "results": [
    {
      "uuid": "6b403f48-7aa4-4368-a2f6-086e3c880a46",
      "title": "",
      "fullFile": "",
      "file": "",
      "beforeHooks": [],
      "afterHooks": [],
      "tests": [],
      "suites": [
        {
          "uuid": "922b98a2-53be-47e3-b719-d7b8dd26df26",
          "title": "item_controller_test",
          "fullFile": "C:\\Users\\86187\\Desktop\\sit725-MoreSecond-Project-Team-Work-\\test\\item_controller.test.js",
          "file": "\\test\\item_controller.test.js",
          "beforeHooks": [],
          "afterHooks": [],
          "tests": [],
          "suites": [
            {
              "uuid": "be40a97d-a9e9-487d-9693-d996d39c9425",
              "title": "postItem",
              "fullFile": "C:\\Users\\86187\\Desktop\\sit725-MoreSecond-Project-Team-Work-\\test\\item_controller.test.js",
              "file": "\\test\\item_controller.test.js",
              "beforeHooks": [],
              "afterHooks": [],
              "tests": [],
              "suites": [
                {
                  "uuid": "07899038-52b6-4cae-9bfa-1abda3602c34",
                  "title": "context 1",
                  "fullFile": "C:\\Users\\86187\\Desktop\\sit725-MoreSecond-Project-Team-Work-\\test\\item_controller.test.js",
                  "file": "\\test\\item_controller.test.js",
                  "beforeHooks": [
                    {
                      "title": "\"before all\" hook in \"context 1\"",
                      "fullTitle": "item_controller_test postItem context 1 \"before all\" hook in \"context 1\"",
                      "timedOut": false,
                      "duration": 5,
                      "state": null,
                      "speed": null,
                      "pass": false,
                      "fail": false,
                      "pending": false,
                      "context": null,
                      "code": "console.log(\"-----before test------\");\nchai.request(apiUrl)\n    .delete(\"/api/items/test/category/1?category=Jacket test\")\n    .end((error, response) => {\n        // Handle error or response if needed\n    });",
                      "err": {},
                      "uuid": "29d288f2-24d4-45a9-ba22-1024f1e7669d",
                      "parentUUID": "07899038-52b6-4cae-9bfa-1abda3602c34",
                      "isHook": true,
                      "skipped": false
                    },
                    {
                      "title": "\"before each\" hook in \"context 1\"",
                      "fullTitle": "item_controller_test postItem context 1 \"before each\" hook in \"context 1\"",
                      "timedOut": false,
                      "duration": 0,
                      "state": null,
                      "speed": null,
                      "pass": false,
                      "fail": false,
                      "pending": false,
                      "context": null,
                      "code": "console.log(\"-------before each test---------\");",
                      "err": {},
                      "uuid": "d26dfaf9-347d-4414-b474-6fcf1cb1269f",
                      "parentUUID": "07899038-52b6-4cae-9bfa-1abda3602c34",
                      "isHook": true,
                      "skipped": false
                    }
                  ],
                  "afterHooks": [
                    {
                      "title": "\"after all\" hook in \"context 1\"",
                      "fullTitle": "item_controller_test postItem context 1 \"after all\" hook in \"context 1\"",
                      "timedOut": false,
                      "duration": 0,
                      "state": null,
                      "speed": null,
                      "pass": false,
                      "fail": false,
                      "pending": false,
                      "context": null,
                      "code": "console.log(\"-----after test------\");",
                      "err": {},
                      "uuid": "f66a865d-c6ad-4478-b07a-294ce9708ce6",
                      "parentUUID": "07899038-52b6-4cae-9bfa-1abda3602c34",
                      "isHook": true,
                      "skipped": false
                    }
                  ],
                  "tests": [
                    {
                      "title": "insert success",
                      "fullTitle": "item_controller_test postItem context 1 insert success",
                      "timedOut": false,
                      "duration": 1,
                      "state": "passed",
                      "speed": "fast",
                      "pass": true,
                      "fail": false,
                      "pending": false,
                      "context": null,
                      "code": "chai.request(apiUrl)\n    .post(\"/api/items\")\n    .send({\n        item_name: \"GIA TAN Teddy test\", // Name of the item\n        category: \"Jacket test\", // Category of the item\n        description: \"fabric cloth\", // Description of the item\n        size: \"XS\", // Size of the item\n        pic: \"img2.jpg\", // Picture filename of the item\n        color: \"green\", // Color of the item\n        original_price: \"45.00\", // Original price of the item\n        price_symbol: \"$\", // Currency symbol\n        actual_price: \"35.00\" // Actual price after discount\n    })\n    .end((error, response) => {\n        // Assert that the response status code is 200 (OK)\n        assert.equal(200, 200, 'data save successfully');\n    });",
                      "err": {},
                      "uuid": "3b0b8024-ad76-4eeb-a248-6e5fed6d104a",
                      "parentUUID": "07899038-52b6-4cae-9bfa-1abda3602c34",
                      "isHook": false,
                      "skipped": false
                    },
                    {
                      "title": "insert null object",
                      "fullTitle": "item_controller_test postItem context 1 insert null object",
                      "timedOut": false,
                      "duration": 0,
                      "state": "passed",
                      "speed": "fast",
                      "pass": true,
                      "fail": false,
                      "pending": false,
                      "context": null,
                      "code": "chai.request(apiUrl)\n    .post(\"/api/items\")\n    .send(null)\n    .end((error, response) => {\n        // Assert that the response status code is 400 (Bad Request)\n        assert.equal(400, 400, '');\n    });",
                      "err": {},
                      "uuid": "73e4ac81-da64-4c57-9add-17bda0793f25",
                      "parentUUID": "07899038-52b6-4cae-9bfa-1abda3602c34",
                      "isHook": false,
                      "skipped": false
                    },
                    {
                      "title": "insert object lack of fields",
                      "fullTitle": "item_controller_test postItem context 1 insert object lack of fields",
                      "timedOut": false,
                      "duration": 1,
                      "state": "passed",
                      "speed": "fast",
                      "pass": true,
                      "fail": false,
                      "pending": false,
                      "context": null,
                      "code": "chai.request(apiUrl)\n    .post(\"/api/items\")\n    .send({\n        item_name: \"GIA TAN Teddy test\",\n        description: \"fabric cloth\",\n        size: \"XS\",\n        pic: \"img2.jpg\",\n        color: \"green\",\n        original_price: \"45.00\",\n        price_symbol: \"$\",\n        actual_price: \"35.00\"\n    })\n    .end((error, response) => {\n        // Assert that the response status code is 400 (Bad Request)\n        assert.equal(response.status, 400, 'data save successfully');\n    });",
                      "err": {},
                      "uuid": "0e358cbc-c3ac-4cd9-8567-4141de314a71",
                      "parentUUID": "07899038-52b6-4cae-9bfa-1abda3602c34",
                      "isHook": false,
                      "skipped": false
                    },
                    {
                      "title": "insert objects field type invalid",
                      "fullTitle": "item_controller_test postItem context 1 insert objects field type invalid",
                      "timedOut": false,
                      "duration": 1,
                      "state": "passed",
                      "speed": "fast",
                      "pass": true,
                      "fail": false,
                      "pending": false,
                      "context": null,
                      "code": "chai.request(apiUrl)\n    .post(\"/api/items\")\n    .send({\n        item_name: 123, // Invalid type, should be a string\n        category: \"Jacket test\",\n        description: \"fabric cloth\",\n        size: \"XS\",\n        pic: \"img2.jpg\",\n        color: \"green\",\n        original_price: \"45.00\",\n        price_symbol: \"$\",\n        actual_price: \"35.00\"\n    })\n    .end((error, response) => {\n        // This assertion seems incorrect because it compares 200 to 200. It should check the response status.\n        assert.equal(400, 400, 'data save successfully');\n    });",
                      "err": {},
                      "uuid": "ce1b8afd-2e43-4051-8f70-1c8a936015a6",
                      "parentUUID": "07899038-52b6-4cae-9bfa-1abda3602c34",
                      "isHook": false,
                      "skipped": false
                    }
                  ],
                  "suites": [],
                  "passes": [
                    "3b0b8024-ad76-4eeb-a248-6e5fed6d104a",
                    "73e4ac81-da64-4c57-9add-17bda0793f25",
                    "0e358cbc-c3ac-4cd9-8567-4141de314a71",
                    "ce1b8afd-2e43-4051-8f70-1c8a936015a6"
                  ],
                  "failures": [],
                  "pending": [],
                  "skipped": [],
                  "duration": 3,
                  "root": false,
                  "rootEmpty": false,
                  "_timeout": 2000
                }
              ],
              "passes": [],
              "failures": [],
              "pending": [],
              "skipped": [],
              "duration": 0,
              "root": false,
              "rootEmpty": false,
              "_timeout": 2000
            },
            {
              "uuid": "aed89e74-8b38-4b02-887e-36941490695a",
              "title": "putItem",
              "fullFile": "C:\\Users\\86187\\Desktop\\sit725-MoreSecond-Project-Team-Work-\\test\\item_controller.test.js",
              "file": "\\test\\item_controller.test.js",
              "beforeHooks": [],
              "afterHooks": [],
              "tests": [],
              "suites": [
                {
                  "uuid": "194416e8-33c1-4a9f-af32-2b7c6ede9bfe",
                  "title": "context 1",
                  "fullFile": "C:\\Users\\86187\\Desktop\\sit725-MoreSecond-Project-Team-Work-\\test\\item_controller.test.js",
                  "file": "\\test\\item_controller.test.js",
                  "beforeHooks": [],
                  "afterHooks": [],
                  "tests": [
                    {
                      "title": "update success",
                      "fullTitle": "item_controller_test putItem context 1 update success",
                      "timedOut": false,
                      "duration": 0,
                      "state": "passed",
                      "speed": "fast",
                      "pass": true,
                      "fail": false,
                      "pending": false,
                      "context": null,
                      "code": "chai.request(apiUrl)\n    .put(\"/api/items/123456\")\n    .send({\n        item_name: \"GIA TAN Teddy test\",\n        category: \"Jacket test\",\n        description: \"fabric cloth\",\n        size: \"XS\",\n        pic: \"img2.jpg\",\n        color: \"green\",\n        original_price: \"45.00\",\n        price_symbol: \"$\",\n        actual_price: \"35.00\"\n    })\n    .end((error, response) => {\n        // Assert that the response status code is 400 (Bad Request)\n        assert.equal(400, 400, '');\n    });",
                      "err": {},
                      "uuid": "40d92bca-1813-46fc-90b6-464b5cf56cd5",
                      "parentUUID": "194416e8-33c1-4a9f-af32-2b7c6ede9bfe",
                      "isHook": false,
                      "skipped": false
                    },
                    {
                      "title": "update field is null",
                      "fullTitle": "item_controller_test putItem context 1 update field is null",
                      "timedOut": false,
                      "duration": 1,
                      "state": "passed",
                      "speed": "fast",
                      "pass": true,
                      "fail": false,
                      "pending": false,
                      "context": null,
                      "code": "chai.request(apiUrl)\n    .put(\"/api/items/123456\")\n    .send(null)\n    .end((error, response) => {\n        // Assert that the response status code is 400 (Bad Request)\n        assert.equal(400, 400, '');\n    });",
                      "err": {},
                      "uuid": "30d5a389-4ccb-4b30-a300-7b04232be4cd",
                      "parentUUID": "194416e8-33c1-4a9f-af32-2b7c6ede9bfe",
                      "isHook": false,
                      "skipped": false
                    },
                    {
                      "title": "update value over limitation",
                      "fullTitle": "item_controller_test putItem context 1 update value over limitation",
                      "timedOut": false,
                      "duration": 0,
                      "state": "passed",
                      "speed": "fast",
                      "pass": true,
                      "fail": false,
                      "pending": false,
                      "context": null,
                      "code": "chai.request(apiUrl)\n    .put(\"/api/items/123456\")\n    .send({\n        item_name: \"GIA TAN Teddy test\",\n        category: \"Jacket test\",\n        description: \"fabric cloth\",\n        size: \"XS\",\n        pic: \"img2.jpg\",\n        color: \"green\",\n        original_price: 45.00,\n        price_symbol: \"$\",\n        actual_price: \"35.00\"\n    })\n    .end((error, response) => {\n        // Assert that the response status code is 400 (Bad Request)\n        assert.equal(400, 400, '');\n    });",
                      "err": {},
                      "uuid": "e50bd189-26c5-4a74-aab2-10dba1a8fe83",
                      "parentUUID": "194416e8-33c1-4a9f-af32-2b7c6ede9bfe",
                      "isHook": false,
                      "skipped": false
                    }
                  ],
                  "suites": [],
                  "passes": [
                    "40d92bca-1813-46fc-90b6-464b5cf56cd5",
                    "30d5a389-4ccb-4b30-a300-7b04232be4cd",
                    "e50bd189-26c5-4a74-aab2-10dba1a8fe83"
                  ],
                  "failures": [],
                  "pending": [],
                  "skipped": [],
                  "duration": 1,
                  "root": false,
                  "rootEmpty": false,
                  "_timeout": 2000
                }
              ],
              "passes": [],
              "failures": [],
              "pending": [],
              "skipped": [],
              "duration": 0,
              "root": false,
              "rootEmpty": false,
              "_timeout": 2000
            },
            {
              "uuid": "38067c4a-bcf7-45cf-9af5-c70e4e3da98d",
              "title": "getAllItems",
              "fullFile": "C:\\Users\\86187\\Desktop\\sit725-MoreSecond-Project-Team-Work-\\test\\item_controller.test.js",
              "file": "\\test\\item_controller.test.js",
              "beforeHooks": [],
              "afterHooks": [],
              "tests": [],
              "suites": [
                {
                  "uuid": "4139559a-6fa1-45b2-a5cf-80bfc913b5cc",
                  "title": "context 1",
                  "fullFile": "C:\\Users\\86187\\Desktop\\sit725-MoreSecond-Project-Team-Work-\\test\\item_controller.test.js",
                  "file": "\\test\\item_controller.test.js",
                  "beforeHooks": [
                    {
                      "title": "\"before all\" hook in \"context 1\"",
                      "fullTitle": "item_controller_test getAllItems context 1 \"before all\" hook in \"context 1\"",
                      "timedOut": false,
                      "duration": 1,
                      "state": null,
                      "speed": null,
                      "pass": false,
                      "fail": false,
                      "pending": false,
                      "context": null,
                      "code": "console.log(\"-----before test------\");",
                      "err": {},
                      "uuid": "c46b762a-7537-40bb-90d0-3b437240037f",
                      "parentUUID": "4139559a-6fa1-45b2-a5cf-80bfc913b5cc",
                      "isHook": true,
                      "skipped": false
                    },
                    {
                      "title": "\"before each\" hook in \"context 1\"",
                      "fullTitle": "item_controller_test getAllItems context 1 \"before each\" hook in \"context 1\"",
                      "timedOut": false,
                      "duration": 0,
                      "state": null,
                      "speed": null,
                      "pass": false,
                      "fail": false,
                      "pending": false,
                      "context": null,
                      "code": "console.log(\"-------before each test---------\");",
                      "err": {},
                      "uuid": "256b7695-e07b-4448-b482-068ce193d134",
                      "parentUUID": "4139559a-6fa1-45b2-a5cf-80bfc913b5cc",
                      "isHook": true,
                      "skipped": false
                    }
                  ],
                  "afterHooks": [
                    {
                      "title": "\"after all\" hook in \"context 1\"",
                      "fullTitle": "item_controller_test getAllItems context 1 \"after all\" hook in \"context 1\"",
                      "timedOut": false,
                      "duration": 0,
                      "state": null,
                      "speed": null,
                      "pass": false,
                      "fail": false,
                      "pending": false,
                      "context": null,
                      "code": "console.log(\"-----after test------\");",
                      "err": {},
                      "uuid": "6fec1190-38d7-406f-aa15-7b52db841a1d",
                      "parentUUID": "4139559a-6fa1-45b2-a5cf-80bfc913b5cc",
                      "isHook": true,
                      "skipped": false
                    }
                  ],
                  "tests": [
                    {
                      "title": "success get items",
                      "fullTitle": "item_controller_test getAllItems context 1 success get items",
                      "timedOut": false,
                      "duration": 0,
                      "state": "passed",
                      "speed": "fast",
                      "pass": true,
                      "fail": false,
                      "pending": false,
                      "context": null,
                      "code": "chai.request(apiUrl)\n    .get(\"/api/items\")\n    .end((error, response) => {\n        // Assert that the response status code is 200 (OK)\n        assert.equal(200, 200, '');\n    });",
                      "err": {},
                      "uuid": "24ef0990-5659-48c7-9456-35d09619b131",
                      "parentUUID": "4139559a-6fa1-45b2-a5cf-80bfc913b5cc",
                      "isHook": false,
                      "skipped": false
                    }
                  ],
                  "suites": [],
                  "passes": [
                    "24ef0990-5659-48c7-9456-35d09619b131"
                  ],
                  "failures": [],
                  "pending": [],
                  "skipped": [],
                  "duration": 0,
                  "root": false,
                  "rootEmpty": false,
                  "_timeout": 2000
                }
              ],
              "passes": [],
              "failures": [],
              "pending": [],
              "skipped": [],
              "duration": 0,
              "root": false,
              "rootEmpty": false,
              "_timeout": 2000
            },
            {
              "uuid": "1a545a0d-02ff-4d0c-9c00-90455d34f91c",
              "title": "getItemsByCategory",
              "fullFile": "C:\\Users\\86187\\Desktop\\sit725-MoreSecond-Project-Team-Work-\\test\\item_controller.test.js",
              "file": "\\test\\item_controller.test.js",
              "beforeHooks": [],
              "afterHooks": [],
              "tests": [],
              "suites": [
                {
                  "uuid": "559c87b7-8aef-4efd-b1e7-4d53d1af7e9f",
                  "title": "context 1",
                  "fullFile": "C:\\Users\\86187\\Desktop\\sit725-MoreSecond-Project-Team-Work-\\test\\item_controller.test.js",
                  "file": "\\test\\item_controller.test.js",
                  "beforeHooks": [
                    {
                      "title": "\"before all\" hook in \"context 1\"",
                      "fullTitle": "item_controller_test getItemsByCategory context 1 \"before all\" hook in \"context 1\"",
                      "timedOut": false,
                      "duration": 1,
                      "state": null,
                      "speed": null,
                      "pass": false,
                      "fail": false,
                      "pending": false,
                      "context": null,
                      "code": "console.log(\"-----before test------\");",
                      "err": {},
                      "uuid": "c92113b6-91ba-46c6-8d09-3cb84eb2042d",
                      "parentUUID": "559c87b7-8aef-4efd-b1e7-4d53d1af7e9f",
                      "isHook": true,
                      "skipped": false
                    },
                    {
                      "title": "\"before each\" hook in \"context 1\"",
                      "fullTitle": "item_controller_test getItemsByCategory context 1 \"before each\" hook in \"context 1\"",
                      "timedOut": false,
                      "duration": 0,
                      "state": null,
                      "speed": null,
                      "pass": false,
                      "fail": false,
                      "pending": false,
                      "context": null,
                      "code": "console.log(\"-------before each test---------\");",
                      "err": {},
                      "uuid": "2c4a8b0f-1392-48b8-890b-13066c65714e",
                      "parentUUID": "559c87b7-8aef-4efd-b1e7-4d53d1af7e9f",
                      "isHook": true,
                      "skipped": false
                    }
                  ],
                  "afterHooks": [
                    {
                      "title": "\"after all\" hook in \"context 1\"",
                      "fullTitle": "item_controller_test getItemsByCategory context 1 \"after all\" hook in \"context 1\"",
                      "timedOut": false,
                      "duration": 0,
                      "state": null,
                      "speed": null,
                      "pass": false,
                      "fail": false,
                      "pending": false,
                      "context": null,
                      "code": "console.log(\"-----after test------\");",
                      "err": {},
                      "uuid": "b579af1c-9842-4c68-90bd-a643aada4b90",
                      "parentUUID": "559c87b7-8aef-4efd-b1e7-4d53d1af7e9f",
                      "isHook": true,
                      "skipped": false
                    }
                  ],
                  "tests": [
                    {
                      "title": "get items by Category",
                      "fullTitle": "item_controller_test getItemsByCategory context 1 get items by Category",
                      "timedOut": false,
                      "duration": 1,
                      "state": "passed",
                      "speed": "fast",
                      "pass": true,
                      "fail": false,
                      "pending": false,
                      "context": null,
                      "code": "chai.request(apiUrl)\n    .get(\"/api/items/category/Jacket test\")\n    .end((error, response) => {\n        // Assert that the response status code is 200 (OK)\n        assert.equal(200, 200, '');\n    });",
                      "err": {},
                      "uuid": "a40a52e0-ddcd-46d1-ba00-33917bf4b5ef",
                      "parentUUID": "559c87b7-8aef-4efd-b1e7-4d53d1af7e9f",
                      "isHook": false,
                      "skipped": false
                    },
                    {
                      "title": "category is null, no return",
                      "fullTitle": "item_controller_test getItemsByCategory context 1 category is null, no return",
                      "timedOut": false,
                      "duration": 1,
                      "state": "passed",
                      "speed": "fast",
                      "pass": true,
                      "fail": false,
                      "pending": false,
                      "context": null,
                      "code": "chai.request(apiUrl)\n    .get(\"/api/items/category/null\")\n    .end((error, response) => {\n        // Assert that the response status code is 400 (Bad Request)\n        assert.equal(400, 400, '');\n    });",
                      "err": {},
                      "uuid": "e6df4b08-9f7d-4833-9c16-e37c3d82b563",
                      "parentUUID": "559c87b7-8aef-4efd-b1e7-4d53d1af7e9f",
                      "isHook": false,
                      "skipped": false
                    }
                  ],
                  "suites": [],
                  "passes": [
                    "a40a52e0-ddcd-46d1-ba00-33917bf4b5ef",
                    "e6df4b08-9f7d-4833-9c16-e37c3d82b563"
                  ],
                  "failures": [],
                  "pending": [],
                  "skipped": [],
                  "duration": 2,
                  "root": false,
                  "rootEmpty": false,
                  "_timeout": 2000
                }
              ],
              "passes": [],
              "failures": [],
              "pending": [],
              "skipped": [],
              "duration": 0,
              "root": false,
              "rootEmpty": false,
              "_timeout": 2000
            },
            {
              "uuid": "98551a1a-1bc6-4dfc-b4d0-467f5e8966f1",
              "title": "getItemsById",
              "fullFile": "C:\\Users\\86187\\Desktop\\sit725-MoreSecond-Project-Team-Work-\\test\\item_controller.test.js",
              "file": "\\test\\item_controller.test.js",
              "beforeHooks": [],
              "afterHooks": [],
              "tests": [
                {
                  "title": "get item by id successfully",
                  "fullTitle": "item_controller_test getItemsById get item by id successfully",
                  "timedOut": false,
                  "duration": 0,
                  "state": "passed",
                  "speed": "fast",
                  "pass": true,
                  "fail": false,
                  "pending": false,
                  "context": null,
                  "code": "chai.request(apiUrl)\n    .get(\"/api/items/123456\")\n    .end((error, response) => {\n        // Assert that the response status code is 200 (OK)\n        assert.equal(200, 200, '');\n    });",
                  "err": {},
                  "uuid": "298ab28a-40c8-41f8-9cf8-4392e7fa3f99",
                  "parentUUID": "98551a1a-1bc6-4dfc-b4d0-467f5e8966f1",
                  "isHook": false,
                  "skipped": false
                },
                {
                  "title": "get item by id when id is null",
                  "fullTitle": "item_controller_test getItemsById get item by id when id is null",
                  "timedOut": false,
                  "duration": 0,
                  "state": "passed",
                  "speed": "fast",
                  "pass": true,
                  "fail": false,
                  "pending": false,
                  "context": null,
                  "code": "chai.request(apiUrl)\n    .get(\"/api/items/null\")\n    .end((error, response) => {\n        // Assert that the response status code is 400 (Bad Request)\n        assert.equal(400, 400, '');\n    });",
                  "err": {},
                  "uuid": "cddbe17e-9755-4799-9d87-811a390a6eba",
                  "parentUUID": "98551a1a-1bc6-4dfc-b4d0-467f5e8966f1",
                  "isHook": false,
                  "skipped": false
                }
              ],
              "suites": [],
              "passes": [
                "298ab28a-40c8-41f8-9cf8-4392e7fa3f99",
                "cddbe17e-9755-4799-9d87-811a390a6eba"
              ],
              "failures": [],
              "pending": [],
              "skipped": [],
              "duration": 0,
              "root": false,
              "rootEmpty": false,
              "_timeout": 2000
            }
          ],
          "passes": [],
          "failures": [],
          "pending": [],
          "skipped": [],
          "duration": 0,
          "root": false,
          "rootEmpty": false,
          "_timeout": 2000
        },
        {
          "uuid": "cf3ee905-694a-4150-8de6-3e524a43094a",
          "title": "deleteItem",
          "fullFile": "C:\\Users\\86187\\Desktop\\sit725-MoreSecond-Project-Team-Work-\\test\\item_controller.test.js",
          "file": "\\test\\item_controller.test.js",
          "beforeHooks": [],
          "afterHooks": [],
          "tests": [],
          "suites": [
            {
              "uuid": "a2c38037-8681-4f56-99dc-505a6af40d27",
              "title": "context 1",
              "fullFile": "C:\\Users\\86187\\Desktop\\sit725-MoreSecond-Project-Team-Work-\\test\\item_controller.test.js",
              "file": "\\test\\item_controller.test.js",
              "beforeHooks": [],
              "afterHooks": [],
              "tests": [
                {
                  "title": "delete item by id successfully",
                  "fullTitle": "deleteItem context 1 delete item by id successfully",
                  "timedOut": false,
                  "duration": 0,
                  "state": "passed",
                  "speed": "fast",
                  "pass": true,
                  "fail": false,
                  "pending": false,
                  "context": null,
                  "code": "chai.request(apiUrl)\n    .get(\"/api/items/123456\")\n    .end((error, response) => {\n        // Assert that the response status code is 200 (OK)\n        assert.equal(200, 200, '');\n    });",
                  "err": {},
                  "uuid": "57861ef5-1539-4331-860f-abafb539782f",
                  "parentUUID": "a2c38037-8681-4f56-99dc-505a6af40d27",
                  "isHook": false,
                  "skipped": false
                }
              ],
              "suites": [],
              "passes": [
                "57861ef5-1539-4331-860f-abafb539782f"
              ],
              "failures": [],
              "pending": [],
              "skipped": [],
              "duration": 0,
              "root": false,
              "rootEmpty": false,
              "_timeout": 2000
            }
          ],
          "passes": [],
          "failures": [],
          "pending": [],
          "skipped": [],
          "duration": 0,
          "root": false,
          "rootEmpty": false,
          "_timeout": 2000
        },
        {
          "uuid": "5806310a-54a4-4c2d-b84f-0f0b5c7bfa90",
          "title": "order_contoller_test",
          "fullFile": "C:\\Users\\86187\\Desktop\\sit725-MoreSecond-Project-Team-Work-\\test\\order_controller.test.js",
          "file": "\\test\\order_controller.test.js",
          "beforeHooks": [],
          "afterHooks": [],
          "tests": [],
          "suites": [
            {
              "uuid": "968021a5-184e-4125-b7bb-de84fd846459",
              "title": "postorder",
              "fullFile": "C:\\Users\\86187\\Desktop\\sit725-MoreSecond-Project-Team-Work-\\test\\order_controller.test.js",
              "file": "\\test\\order_controller.test.js",
              "beforeHooks": [],
              "afterHooks": [],
              "tests": [],
              "suites": [
                {
                  "uuid": "b8c88251-4dc3-484d-8e99-effd7babc4dc",
                  "title": "context 1",
                  "fullFile": "C:\\Users\\86187\\Desktop\\sit725-MoreSecond-Project-Team-Work-\\test\\order_controller.test.js",
                  "file": "\\test\\order_controller.test.js",
                  "beforeHooks": [
                    {
                      "title": "\"before all\" hook in \"context 1\"",
                      "fullTitle": "order_contoller_test postorder context 1 \"before all\" hook in \"context 1\"",
                      "timedOut": false,
                      "duration": 0,
                      "state": null,
                      "speed": null,
                      "pass": false,
                      "fail": false,
                      "pending": false,
                      "context": null,
                      "code": "console.log(\"-----before test------\");",
                      "err": {},
                      "uuid": "11f507a8-2ed6-4680-82b7-2cb1d1fff065",
                      "parentUUID": "b8c88251-4dc3-484d-8e99-effd7babc4dc",
                      "isHook": true,
                      "skipped": false
                    },
                    {
                      "title": "\"before each\" hook in \"context 1\"",
                      "fullTitle": "order_contoller_test postorder context 1 \"before each\" hook in \"context 1\"",
                      "timedOut": false,
                      "duration": 0,
                      "state": null,
                      "speed": null,
                      "pass": false,
                      "fail": false,
                      "pending": false,
                      "context": null,
                      "code": "console.log(\"-------before each test---------\");",
                      "err": {},
                      "uuid": "fe2ffa96-f859-4192-833d-cb48f15bcd49",
                      "parentUUID": "b8c88251-4dc3-484d-8e99-effd7babc4dc",
                      "isHook": true,
                      "skipped": false
                    }
                  ],
                  "afterHooks": [
                    {
                      "title": "\"after all\" hook in \"context 1\"",
                      "fullTitle": "order_contoller_test postorder context 1 \"after all\" hook in \"context 1\"",
                      "timedOut": false,
                      "duration": 0,
                      "state": null,
                      "speed": null,
                      "pass": false,
                      "fail": false,
                      "pending": false,
                      "context": null,
                      "code": "console.log(\"-----after test------\");",
                      "err": {},
                      "uuid": "2d9ecccd-2ef5-4eb3-833f-7dddeead2015",
                      "parentUUID": "b8c88251-4dc3-484d-8e99-effd7babc4dc",
                      "isHook": true,
                      "skipped": false
                    }
                  ],
                  "tests": [
                    {
                      "title": "insert success",
                      "fullTitle": "order_contoller_test postorder context 1 insert success",
                      "timedOut": false,
                      "duration": 0,
                      "state": "passed",
                      "speed": "fast",
                      "pass": true,
                      "fail": false,
                      "pending": false,
                      "context": null,
                      "code": "chai.request(apiUrl)\n    .post(\"/api/orders\")\n    .send([{\n        \"user_id\": \"664f416f93e308c55cc34a50\",\n        \"item_id\": \"66508fb4e8c936cc8c3c81f4\",\n        \"item_name\": \"123\",\n        \"category\": \"Jacket test\",\n        \"size\": \"XS\",\n        \"num\": 1\n    }])\n    .end((error, response) => {\n        // Assert that the response status code is 200 (OK)\n        assert.equal(200, 200, 'data save successfully');\n    });",
                      "err": {},
                      "uuid": "aae9c619-82d2-49ac-9644-d289b6e81544",
                      "parentUUID": "b8c88251-4dc3-484d-8e99-effd7babc4dc",
                      "isHook": false,
                      "skipped": false
                    },
                    {
                      "title": "insert null object",
                      "fullTitle": "order_contoller_test postorder context 1 insert null object",
                      "timedOut": false,
                      "duration": 1,
                      "state": "passed",
                      "speed": "fast",
                      "pass": true,
                      "fail": false,
                      "pending": false,
                      "context": null,
                      "code": "chai.request(apiUrl)\n    .post(\"/api/orders\")\n    .send(null)\n    .end((error, response) => {\n        // Assert that the response status code is 400 (Bad Request)\n        assert.equal(400, 400, '');\n    });",
                      "err": {},
                      "uuid": "449413d0-3e75-4bc2-b378-5623c05f6ced",
                      "parentUUID": "b8c88251-4dc3-484d-8e99-effd7babc4dc",
                      "isHook": false,
                      "skipped": false
                    },
                    {
                      "title": "insert object lack of fields",
                      "fullTitle": "order_contoller_test postorder context 1 insert object lack of fields",
                      "timedOut": false,
                      "duration": 0,
                      "state": "passed",
                      "speed": "fast",
                      "pass": true,
                      "fail": false,
                      "pending": false,
                      "context": null,
                      "code": "chai.request(apiUrl)\n    .post(\"/api/orders\")\n    .send([{\n        \"user_id\": \"664f416f93e308c55cc34a50\",\n        \"item_id\": \"66508fb4e8c936cc8c3c81f4\",\n        \"category\": \"Jacket test\",\n        \"size\": \"XS\",\n        \"num\": 1\n    }])\n    .end((error, response) => {\n        // Assert that the response status code is 400 (Bad Request)\n        assert.equal(400, 400, '');\n    });",
                      "err": {},
                      "uuid": "f451cff6-25b4-4598-b925-6b227f3b4f8e",
                      "parentUUID": "b8c88251-4dc3-484d-8e99-effd7babc4dc",
                      "isHook": false,
                      "skipped": false
                    }
                  ],
                  "suites": [],
                  "passes": [
                    "aae9c619-82d2-49ac-9644-d289b6e81544",
                    "449413d0-3e75-4bc2-b378-5623c05f6ced",
                    "f451cff6-25b4-4598-b925-6b227f3b4f8e"
                  ],
                  "failures": [],
                  "pending": [],
                  "skipped": [],
                  "duration": 1,
                  "root": false,
                  "rootEmpty": false,
                  "_timeout": 2000
                }
              ],
              "passes": [],
              "failures": [],
              "pending": [],
              "skipped": [],
              "duration": 0,
              "root": false,
              "rootEmpty": false,
              "_timeout": 2000
            },
            {
              "uuid": "8896a4d6-99bc-4031-bb41-af46150c276e",
              "title": "putOrder",
              "fullFile": "C:\\Users\\86187\\Desktop\\sit725-MoreSecond-Project-Team-Work-\\test\\order_controller.test.js",
              "file": "\\test\\order_controller.test.js",
              "beforeHooks": [],
              "afterHooks": [],
              "tests": [],
              "suites": [
                {
                  "uuid": "90f0c27f-ddba-41aa-b944-3052884e35f7",
                  "title": "context 1",
                  "fullFile": "C:\\Users\\86187\\Desktop\\sit725-MoreSecond-Project-Team-Work-\\test\\order_controller.test.js",
                  "file": "\\test\\order_controller.test.js",
                  "beforeHooks": [
                    {
                      "title": "\"before all\" hook in \"context 1\"",
                      "fullTitle": "order_contoller_test putOrder context 1 \"before all\" hook in \"context 1\"",
                      "timedOut": false,
                      "duration": 0,
                      "state": null,
                      "speed": null,
                      "pass": false,
                      "fail": false,
                      "pending": false,
                      "context": null,
                      "code": "console.log(\"-----before test------\");\n// Delete an order first\nchai.request(apiUrl)\n    .delete('/api/orders/test/1')\n    .end((err, res) => {});\n\n// Then insert a new order\nchai.request(apiUrl)\n    .post(\"/api/orders\")\n    .send([{\n        \"user_id\": \"664f416f93e308c55cc34a50\",\n        \"item_id\": \"66508fb4e8c936cc8c3c81f4\",\n        \"item_name\": \"123\",\n        \"category\": \"Jacket test\",\n        \"size\": \"XS\",\n        \"num\": 1\n    }])\n    .end((error, response) => {});",
                      "err": {},
                      "uuid": "ef363644-10ad-445c-803c-87c7e4ae8a74",
                      "parentUUID": "90f0c27f-ddba-41aa-b944-3052884e35f7",
                      "isHook": true,
                      "skipped": false
                    }
                  ],
                  "afterHooks": [
                    {
                      "title": "\"after all\" hook in \"context 1\"",
                      "fullTitle": "order_contoller_test putOrder context 1 \"after all\" hook in \"context 1\"",
                      "timedOut": false,
                      "duration": 1,
                      "state": null,
                      "speed": null,
                      "pass": false,
                      "fail": false,
                      "pending": false,
                      "context": null,
                      "code": "console.log(\"-----after test------\");",
                      "err": {},
                      "uuid": "1cca651c-fc7c-436c-98d2-026e31376b86",
                      "parentUUID": "90f0c27f-ddba-41aa-b944-3052884e35f7",
                      "isHook": true,
                      "skipped": false
                    }
                  ],
                  "tests": [
                    {
                      "title": "update success",
                      "fullTitle": "order_contoller_test putOrder context 1 update success",
                      "timedOut": false,
                      "duration": 0,
                      "state": "passed",
                      "speed": "fast",
                      "pass": true,
                      "fail": false,
                      "pending": false,
                      "context": null,
                      "code": "chai.request(apiUrl)\n    .put(\"/api/orders\")\n    .send([{\n        \"user_id\": \"664f416f93e308c55cc34a50\",\n        \"item_id\": \"66508fb4e8c936cc8c3c81f4\",\n        \"item_name\": \"123\",\n        \"category\": \"Jacket test\",\n        \"size\": \"XS\",\n        \"num\": 1\n    }])\n    .end((error, response) => {\n        // Assert that the response status code is 200 (OK)\n        assert.equal(200, 200, 'data save successfully');\n    });",
                      "err": {},
                      "uuid": "d1549f87-8ce6-4b83-9098-69ba9692351b",
                      "parentUUID": "90f0c27f-ddba-41aa-b944-3052884e35f7",
                      "isHook": false,
                      "skipped": false
                    },
                    {
                      "title": "update field is null",
                      "fullTitle": "order_contoller_test putOrder context 1 update field is null",
                      "timedOut": false,
                      "duration": 1,
                      "state": "passed",
                      "speed": "fast",
                      "pass": true,
                      "fail": false,
                      "pending": false,
                      "context": null,
                      "code": "chai.request(apiUrl)\n    .put(\"/api/orders\")\n    .send([{\n        \"user_id\": \"664f416f93e308c55cc34a50\",\n        \"item_id\": \"66508fb4e8c936cc8c3c81f4\",\n        \"item_name\": \"123\",\n        \"category\": \"Jacket test\",\n        \"size\": \"XS\",\n        \"num\": 1\n    }])\n    .end((error, response) => {\n        // Assert that the response status code is 400 (Bad Request)\n        assert.equal(400, 400, '');\n    });",
                      "err": {},
                      "uuid": "b47ac534-7e5e-4790-afaa-4d5a0e846bed",
                      "parentUUID": "90f0c27f-ddba-41aa-b944-3052884e35f7",
                      "isHook": false,
                      "skipped": false
                    }
                  ],
                  "suites": [],
                  "passes": [
                    "d1549f87-8ce6-4b83-9098-69ba9692351b",
                    "b47ac534-7e5e-4790-afaa-4d5a0e846bed"
                  ],
                  "failures": [],
                  "pending": [],
                  "skipped": [],
                  "duration": 1,
                  "root": false,
                  "rootEmpty": false,
                  "_timeout": 2000
                }
              ],
              "passes": [],
              "failures": [],
              "pending": [],
              "skipped": [],
              "duration": 0,
              "root": false,
              "rootEmpty": false,
              "_timeout": 2000
            },
            {
              "uuid": "b218b262-9bfa-426d-b8ff-0738a9573720",
              "title": "getAllOrders",
              "fullFile": "C:\\Users\\86187\\Desktop\\sit725-MoreSecond-Project-Team-Work-\\test\\order_controller.test.js",
              "file": "\\test\\order_controller.test.js",
              "beforeHooks": [],
              "afterHooks": [],
              "tests": [],
              "suites": [
                {
                  "uuid": "a62c77e6-ac88-456f-8237-949e28f49091",
                  "title": "context 1",
                  "fullFile": "C:\\Users\\86187\\Desktop\\sit725-MoreSecond-Project-Team-Work-\\test\\order_controller.test.js",
                  "file": "\\test\\order_controller.test.js",
                  "beforeHooks": [],
                  "afterHooks": [],
                  "tests": [
                    {
                      "title": "success get orders",
                      "fullTitle": "order_contoller_test getAllOrders context 1 success get orders",
                      "timedOut": false,
                      "duration": 1,
                      "state": "passed",
                      "speed": "fast",
                      "pass": true,
                      "fail": false,
                      "pending": false,
                      "context": null,
                      "code": "chai.request(apiUrl)\n    .get(\"/api/orders\")\n    .end((error, response) => {\n        // Assert that the response status code is 200 (OK)\n        assert.equal(200, 200, '');\n    });",
                      "err": {},
                      "uuid": "3b93e539-8813-4912-a7c9-6be20df76271",
                      "parentUUID": "a62c77e6-ac88-456f-8237-949e28f49091",
                      "isHook": false,
                      "skipped": false
                    }
                  ],
                  "suites": [],
                  "passes": [
                    "3b93e539-8813-4912-a7c9-6be20df76271"
                  ],
                  "failures": [],
                  "pending": [],
                  "skipped": [],
                  "duration": 1,
                  "root": false,
                  "rootEmpty": false,
                  "_timeout": 2000
                }
              ],
              "passes": [],
              "failures": [],
              "pending": [],
              "skipped": [],
              "duration": 0,
              "root": false,
              "rootEmpty": false,
              "_timeout": 2000
            },
            {
              "uuid": "8b7ab754-366a-405d-a5e7-5ee15768f350",
              "title": "getOrdersById",
              "fullFile": "C:\\Users\\86187\\Desktop\\sit725-MoreSecond-Project-Team-Work-\\test\\order_controller.test.js",
              "file": "\\test\\order_controller.test.js",
              "beforeHooks": [],
              "afterHooks": [],
              "tests": [],
              "suites": [
                {
                  "uuid": "851905f4-7fd5-4f32-9b3f-d92badaede29",
                  "title": "context 1",
                  "fullFile": "C:\\Users\\86187\\Desktop\\sit725-MoreSecond-Project-Team-Work-\\test\\order_controller.test.js",
                  "file": "\\test\\order_controller.test.js",
                  "beforeHooks": [],
                  "afterHooks": [],
                  "tests": [
                    {
                      "title": "get order by id successfully",
                      "fullTitle": "order_contoller_test getOrdersById context 1 get order by id successfully",
                      "timedOut": false,
                      "duration": 1,
                      "state": "passed",
                      "speed": "fast",
                      "pass": true,
                      "fail": false,
                      "pending": false,
                      "context": null,
                      "code": "chai.request(apiUrl)\n    .get(\"/api/orders/123456\")\n    .end((error, response) => {\n        // Assert that the response status code is 500 (Internal Server Error)\n        assert.equal(500, 500, '');\n    });",
                      "err": {},
                      "uuid": "29383098-683b-44b9-86a6-d999028b0ac3",
                      "parentUUID": "851905f4-7fd5-4f32-9b3f-d92badaede29",
                      "isHook": false,
                      "skipped": false
                    }
                  ],
                  "suites": [],
                  "passes": [
                    "29383098-683b-44b9-86a6-d999028b0ac3"
                  ],
                  "failures": [],
                  "pending": [],
                  "skipped": [],
                  "duration": 1,
                  "root": false,
                  "rootEmpty": false,
                  "_timeout": 2000
                }
              ],
              "passes": [],
              "failures": [],
              "pending": [],
              "skipped": [],
              "duration": 0,
              "root": false,
              "rootEmpty": false,
              "_timeout": 2000
            },
            {
              "uuid": "3756b56f-65a0-4ba9-b39b-c5b4a960319b",
              "title": "deleteOrder",
              "fullFile": "C:\\Users\\86187\\Desktop\\sit725-MoreSecond-Project-Team-Work-\\test\\order_controller.test.js",
              "file": "\\test\\order_controller.test.js",
              "beforeHooks": [],
              "afterHooks": [],
              "tests": [],
              "suites": [
                {
                  "uuid": "209f1e93-d493-4f9e-ae4b-e1776f27a604",
                  "title": "context 1",
                  "fullFile": "C:\\Users\\86187\\Desktop\\sit725-MoreSecond-Project-Team-Work-\\test\\order_controller.test.js",
                  "file": "\\test\\order_controller.test.js",
                  "beforeHooks": [],
                  "afterHooks": [],
                  "tests": [
                    {
                      "title": "delete order by id successfully",
                      "fullTitle": "order_contoller_test deleteOrder context 1 delete order by id successfully",
                      "timedOut": false,
                      "duration": 1,
                      "state": "passed",
                      "speed": "fast",
                      "pass": true,
                      "fail": false,
                      "pending": false,
                      "context": null,
                      "code": "chai.request(apiUrl)\n    .delete(\"/api/orders/123456\")\n    .end((error, response) => {\n        // Assert that the response status code is 400 (Bad Request)\n        assert.equal(400, 400, '');\n    });",
                      "err": {},
                      "uuid": "972664df-596a-4f12-8f64-77bf00f17d55",
                      "parentUUID": "209f1e93-d493-4f9e-ae4b-e1776f27a604",
                      "isHook": false,
                      "skipped": false
                    }
                  ],
                  "suites": [],
                  "passes": [
                    "972664df-596a-4f12-8f64-77bf00f17d55"
                  ],
                  "failures": [],
                  "pending": [],
                  "skipped": [],
                  "duration": 1,
                  "root": false,
                  "rootEmpty": false,
                  "_timeout": 2000
                }
              ],
              "passes": [],
              "failures": [],
              "pending": [],
              "skipped": [],
              "duration": 0,
              "root": false,
              "rootEmpty": false,
              "_timeout": 2000
            }
          ],
          "passes": [],
          "failures": [],
          "pending": [],
          "skipped": [],
          "duration": 0,
          "root": false,
          "rootEmpty": false,
          "_timeout": 2000
        },
        {
          "uuid": "7d92527e-0a27-442d-8e74-22f371b7b007",
          "title": "user_contoller_test",
          "fullFile": "C:\\Users\\86187\\Desktop\\sit725-MoreSecond-Project-Team-Work-\\test\\user_controller.test.js",
          "file": "\\test\\user_controller.test.js",
          "beforeHooks": [],
          "afterHooks": [],
          "tests": [],
          "suites": [
            {
              "uuid": "1cffc766-0786-42b9-bb1e-3c697d02f2ae",
              "title": "putUser",
              "fullFile": "C:\\Users\\86187\\Desktop\\sit725-MoreSecond-Project-Team-Work-\\test\\user_controller.test.js",
              "file": "\\test\\user_controller.test.js",
              "beforeHooks": [],
              "afterHooks": [],
              "tests": [],
              "suites": [
                {
                  "uuid": "f422c69e-ed51-4d1d-9ca2-833c47516928",
                  "title": "context 1",
                  "fullFile": "C:\\Users\\86187\\Desktop\\sit725-MoreSecond-Project-Team-Work-\\test\\user_controller.test.js",
                  "file": "\\test\\user_controller.test.js",
                  "beforeHooks": [
                    {
                      "title": "\"before all\" hook in \"context 1\"",
                      "fullTitle": "user_contoller_test putUser context 1 \"before all\" hook in \"context 1\"",
                      "timedOut": false,
                      "duration": 1,
                      "state": null,
                      "speed": null,
                      "pass": false,
                      "fail": false,
                      "pending": false,
                      "context": null,
                      "code": "console.log(\"-----before test------\");\n// Deleting a user before inserting/updating\nchai.request(apiUrl)\n    .delete('/api/users/test/deleteUser?email=test001@hotmail.com')\n    .end((err, res) => {\n    \n    })\n// Inserting a user for updating\nchai.request(apiUrl)\n    .post(\"/api/users\")\n    .send({\n        name: \"Kevin Anderson\",\n        age: 31,\n        avatar: \"profile-img.jpg\",\n        first_name: \"Kevin\",\n        last_name: \"Anderson\",\n        password: \"123456\",\n        email: \"test001@hotmail.com\",\n        phone_number: \"0424068322\"\n    })\n    .end((error, response) => {\n    });",
                      "err": {},
                      "uuid": "f4189caf-002b-4c34-ba2e-2797fac778d5",
                      "parentUUID": "f422c69e-ed51-4d1d-9ca2-833c47516928",
                      "isHook": true,
                      "skipped": false
                    },
                    {
                      "title": "\"before each\" hook in \"context 1\"",
                      "fullTitle": "user_contoller_test putUser context 1 \"before each\" hook in \"context 1\"",
                      "timedOut": false,
                      "duration": 1,
                      "state": null,
                      "speed": null,
                      "pass": false,
                      "fail": false,
                      "pending": false,
                      "context": null,
                      "code": "console.log(\"-------before each test---------\");",
                      "err": {},
                      "uuid": "7cd6b0e3-7f70-440a-97c3-239734aa8345",
                      "parentUUID": "f422c69e-ed51-4d1d-9ca2-833c47516928",
                      "isHook": true,
                      "skipped": false
                    }
                  ],
                  "afterHooks": [
                    {
                      "title": "\"after all\" hook in \"context 1\"",
                      "fullTitle": "user_contoller_test putUser context 1 \"after all\" hook in \"context 1\"",
                      "timedOut": false,
                      "duration": 1,
                      "state": null,
                      "speed": null,
                      "pass": false,
                      "fail": false,
                      "pending": false,
                      "context": null,
                      "code": "console.log(\"-----after test------\");",
                      "err": {},
                      "uuid": "f5c1f1a6-ef12-4b25-b75a-5a369b220475",
                      "parentUUID": "f422c69e-ed51-4d1d-9ca2-833c47516928",
                      "isHook": true,
                      "skipped": false
                    }
                  ],
                  "tests": [
                    {
                      "title": "update success",
                      "fullTitle": "user_contoller_test putUser context 1 update success",
                      "timedOut": false,
                      "duration": 0,
                      "state": "passed",
                      "speed": "fast",
                      "pass": true,
                      "fail": false,
                      "pending": false,
                      "context": null,
                      "code": "chai.request(apiUrl)\n    .put(\"/api/users\")\n    .send({\n        name: \"Kevin Anderson test\",\n        age: 31,\n        avatar: \"profile-img.jpg\",\n        first_name: \"Kevin\",\n        last_name: \"Anderson\",\n        password: \"123456\",\n        email: \"test001@hotmail.com\",\n        phone_number: \"0424068322\"\n    })\n    .end((error, response) => {\n        // Asserting that the response status code is 404\n        assert.equal(404, 404, 'data update successfully')\n    });",
                      "err": {},
                      "uuid": "f47f1dcd-2e18-4117-a096-3827618ae2c2",
                      "parentUUID": "f422c69e-ed51-4d1d-9ca2-833c47516928",
                      "isHook": false,
                      "skipped": false
                    },
                    {
                      "title": "update field is null",
                      "fullTitle": "user_contoller_test putUser context 1 update field is null",
                      "timedOut": false,
                      "duration": 2,
                      "state": "passed",
                      "speed": "fast",
                      "pass": true,
                      "fail": false,
                      "pending": false,
                      "context": null,
                      "code": "chai.request(apiUrl)\n    .put(\"/api/users\")\n    .send({\n        name: \"Kevin Anderson\",\n        age: 31,\n        avatar: \"profile-img.jpg\",\n        first_name: \"Kevin\",\n        last_name: \"Anderson\",\n        password: null, // Setting password to null\n        email: \"test001@hotmail.com\",\n        phone_number: \"0424068322\"\n    })\n    .end((error, response) => {\n        // Asserting that the response status code is 404\n        assert.equal(404, 404, '')\n    });",
                      "err": {},
                      "uuid": "18fea2d2-ee47-4f5c-9562-746b2ba8ed67",
                      "parentUUID": "f422c69e-ed51-4d1d-9ca2-833c47516928",
                      "isHook": false,
                      "skipped": false
                    }
                  ],
                  "suites": [],
                  "passes": [
                    "f47f1dcd-2e18-4117-a096-3827618ae2c2",
                    "18fea2d2-ee47-4f5c-9562-746b2ba8ed67"
                  ],
                  "failures": [],
                  "pending": [],
                  "skipped": [],
                  "duration": 2,
                  "root": false,
                  "rootEmpty": false,
                  "_timeout": 2000
                }
              ],
              "passes": [],
              "failures": [],
              "pending": [],
              "skipped": [],
              "duration": 0,
              "root": false,
              "rootEmpty": false,
              "_timeout": 2000
            },
            {
              "uuid": "e6890451-13f7-43a1-8850-d5ed2b0ad571",
              "title": "getAllUsers",
              "fullFile": "C:\\Users\\86187\\Desktop\\sit725-MoreSecond-Project-Team-Work-\\test\\user_controller.test.js",
              "file": "\\test\\user_controller.test.js",
              "beforeHooks": [],
              "afterHooks": [],
              "tests": [],
              "suites": [
                {
                  "uuid": "d5f5c7c2-5c17-4720-bc02-5f88c422de60",
                  "title": "context 1",
                  "fullFile": "C:\\Users\\86187\\Desktop\\sit725-MoreSecond-Project-Team-Work-\\test\\user_controller.test.js",
                  "file": "\\test\\user_controller.test.js",
                  "beforeHooks": [],
                  "afterHooks": [],
                  "tests": [
                    {
                      "title": "success get users",
                      "fullTitle": "user_contoller_test getAllUsers context 1 success get users",
                      "timedOut": false,
                      "duration": 1,
                      "state": "passed",
                      "speed": "fast",
                      "pass": true,
                      "fail": false,
                      "pending": false,
                      "context": null,
                      "code": "chai.request(apiUrl)\n    .get(\"/api/users\")\n    .end((error, response) => {\n        // Asserting that the response status code is 400\n        assert.equal(400, 400, '')\n    });",
                      "err": {},
                      "uuid": "e502d041-d660-42f9-af51-308691446aaa",
                      "parentUUID": "d5f5c7c2-5c17-4720-bc02-5f88c422de60",
                      "isHook": false,
                      "skipped": false
                    }
                  ],
                  "suites": [],
                  "passes": [
                    "e502d041-d660-42f9-af51-308691446aaa"
                  ],
                  "failures": [],
                  "pending": [],
                  "skipped": [],
                  "duration": 1,
                  "root": false,
                  "rootEmpty": false,
                  "_timeout": 2000
                }
              ],
              "passes": [],
              "failures": [],
              "pending": [],
              "skipped": [],
              "duration": 0,
              "root": false,
              "rootEmpty": false,
              "_timeout": 2000
            },
            {
              "uuid": "4afa897e-74dd-42da-9098-c709bfa483ca",
              "title": "getUsersById",
              "fullFile": "C:\\Users\\86187\\Desktop\\sit725-MoreSecond-Project-Team-Work-\\test\\user_controller.test.js",
              "file": "\\test\\user_controller.test.js",
              "beforeHooks": [],
              "afterHooks": [],
              "tests": [],
              "suites": [
                {
                  "uuid": "5757022d-0c20-4951-af9e-2184a3aefbb7",
                  "title": "context 1",
                  "fullFile": "C:\\Users\\86187\\Desktop\\sit725-MoreSecond-Project-Team-Work-\\test\\user_controller.test.js",
                  "file": "\\test\\user_controller.test.js",
                  "beforeHooks": [
                    {
                      "title": "\"before all\" hook in \"context 1\"",
                      "fullTitle": "user_contoller_test getUsersById context 1 \"before all\" hook in \"context 1\"",
                      "timedOut": false,
                      "duration": 0,
                      "state": null,
                      "speed": null,
                      "pass": false,
                      "fail": false,
                      "pending": false,
                      "context": null,
                      "code": "console.log(\"-----before test------\");",
                      "err": {},
                      "uuid": "a5e19dbc-f385-4b2b-a0d3-84e0c0a675d2",
                      "parentUUID": "5757022d-0c20-4951-af9e-2184a3aefbb7",
                      "isHook": true,
                      "skipped": false
                    },
                    {
                      "title": "\"before each\" hook in \"context 1\"",
                      "fullTitle": "user_contoller_test getUsersById context 1 \"before each\" hook in \"context 1\"",
                      "timedOut": false,
                      "duration": 0,
                      "state": null,
                      "speed": null,
                      "pass": false,
                      "fail": false,
                      "pending": false,
                      "context": null,
                      "code": "console.log(\"-------before each test---------\");",
                      "err": {},
                      "uuid": "d797dc8d-c1fc-4382-84c4-ba2da3112709",
                      "parentUUID": "5757022d-0c20-4951-af9e-2184a3aefbb7",
                      "isHook": true,
                      "skipped": false
                    }
                  ],
                  "afterHooks": [
                    {
                      "title": "\"after all\" hook in \"context 1\"",
                      "fullTitle": "user_contoller_test getUsersById context 1 \"after all\" hook in \"context 1\"",
                      "timedOut": false,
                      "duration": 0,
                      "state": null,
                      "speed": null,
                      "pass": false,
                      "fail": false,
                      "pending": false,
                      "context": null,
                      "code": "console.log(\"-----after test------\");",
                      "err": {},
                      "uuid": "c75395bd-4644-4ad6-8f0b-f40ac5be83ba",
                      "parentUUID": "5757022d-0c20-4951-af9e-2184a3aefbb7",
                      "isHook": true,
                      "skipped": false
                    }
                  ],
                  "tests": [
                    {
                      "title": "get user by id successfully",
                      "fullTitle": "user_contoller_test getUsersById context 1 get user by id successfully",
                      "timedOut": false,
                      "duration": 0,
                      "state": "passed",
                      "speed": "fast",
                      "pass": true,
                      "fail": false,
                      "pending": false,
                      "context": null,
                      "code": "chai.request(apiUrl)\n    .get(\"/api/users/123456\")\n    .end((error, response) => {\n        // Asserting that the response status code is 500\n        assert.equal(500, 500, '')\n    });",
                      "err": {},
                      "uuid": "37e38e1b-d250-4c48-b5a8-46ce9f446cb1",
                      "parentUUID": "5757022d-0c20-4951-af9e-2184a3aefbb7",
                      "isHook": false,
                      "skipped": false
                    },
                    {
                      "title": "get user by id when id is null",
                      "fullTitle": "user_contoller_test getUsersById context 1 get user by id when id is null",
                      "timedOut": false,
                      "duration": 1,
                      "state": "passed",
                      "speed": "fast",
                      "pass": true,
                      "fail": false,
                      "pending": false,
                      "context": null,
                      "code": "chai.request(apiUrl)\n    .get(\"/api/users/null\")\n    .end((error, response) => {\n        // Asserting that the response status code is 500\n        assert.equal(500, 500, '')\n    });",
                      "err": {},
                      "uuid": "23b57908-80e9-4179-b850-3bbeb81a0c2f",
                      "parentUUID": "5757022d-0c20-4951-af9e-2184a3aefbb7",
                      "isHook": false,
                      "skipped": false
                    }
                  ],
                  "suites": [],
                  "passes": [
                    "37e38e1b-d250-4c48-b5a8-46ce9f446cb1",
                    "23b57908-80e9-4179-b850-3bbeb81a0c2f"
                  ],
                  "failures": [],
                  "pending": [],
                  "skipped": [],
                  "duration": 1,
                  "root": false,
                  "rootEmpty": false,
                  "_timeout": 2000
                }
              ],
              "passes": [],
              "failures": [],
              "pending": [],
              "skipped": [],
              "duration": 0,
              "root": false,
              "rootEmpty": false,
              "_timeout": 2000
            },
            {
              "uuid": "1f0a8a19-dc62-4c6e-8279-929f84093f71",
              "title": "deleteUser",
              "fullFile": "C:\\Users\\86187\\Desktop\\sit725-MoreSecond-Project-Team-Work-\\test\\user_controller.test.js",
              "file": "\\test\\user_controller.test.js",
              "beforeHooks": [],
              "afterHooks": [],
              "tests": [],
              "suites": [
                {
                  "uuid": "2661ad78-2ecb-4df7-a4b9-248ace26fa17",
                  "title": "context 1",
                  "fullFile": "C:\\Users\\86187\\Desktop\\sit725-MoreSecond-Project-Team-Work-\\test\\user_controller.test.js",
                  "file": "\\test\\user_controller.test.js",
                  "beforeHooks": [],
                  "afterHooks": [],
                  "tests": [
                    {
                      "title": "delete user by id successfully",
                      "fullTitle": "user_contoller_test deleteUser context 1 delete user by id successfully",
                      "timedOut": false,
                      "duration": 0,
                      "state": "passed",
                      "speed": "fast",
                      "pass": true,
                      "fail": false,
                      "pending": false,
                      "context": null,
                      "code": "chai.request(apiUrl)\n    .delete(\"/api/users/123456\")\n    .end((error, response) => {\n        // Asserting that the response status code is 400\n        assert.equal(400, 400, '')\n    });",
                      "err": {},
                      "uuid": "957dbee3-05a6-4eba-96db-d069e4b2500f",
                      "parentUUID": "2661ad78-2ecb-4df7-a4b9-248ace26fa17",
                      "isHook": false,
                      "skipped": false
                    }
                  ],
                  "suites": [],
                  "passes": [
                    "957dbee3-05a6-4eba-96db-d069e4b2500f"
                  ],
                  "failures": [],
                  "pending": [],
                  "skipped": [],
                  "duration": 0,
                  "root": false,
                  "rootEmpty": false,
                  "_timeout": 2000
                }
              ],
              "passes": [],
              "failures": [],
              "pending": [],
              "skipped": [],
              "duration": 0,
              "root": false,
              "rootEmpty": false,
              "_timeout": 2000
            }
          ],
          "passes": [],
          "failures": [],
          "pending": [],
          "skipped": [],
          "duration": 0,
          "root": false,
          "rootEmpty": false,
          "_timeout": 2000
        }
      ],
      "passes": [],
      "failures": [],
      "pending": [],
      "skipped": [],
      "duration": 0,
      "root": true,
      "rootEmpty": true,
      "_timeout": 2000
    }
  ],
  "meta": {
    "mocha": {
      "version": "10.4.0"
    },
    "mochawesome": {
      "options": {
        "quiet": false,
        "reportFilename": "mochawesome",
        "saveHtml": true,
        "saveJson": true,
        "consoleReporter": "spec",
        "useInlineDiffs": false,
        "code": true
      },
      "version": "7.1.3"
    },
    "marge": {
      "options": null,
      "version": "6.2.0"
    }
  }
}